[2024-05-16 17:25:47] [ WARN ] [BD:44] Syntax error in SQL statement "DROP [*]TABLES IF EXISTS PACIENTES; CREATE TABLE PACIENTES(ID INT AUTO_INCREMENT PRIMARY KEY, NOMBRE VARCHAR(100) NOT NULL, APELLIDO VARCHAR(100) NOT NULL, CEDULA VARCHAR(100) NOT NULL, FECHA_INGRESO DATE NOT NULL, DOMICILIO_ID INT NOT NULL)"; expected "TABLE, INDEX, USER, SEQUENCE, CONSTANT, TRIGGER, MATERIALIZED, VIEW, ROLE, ALIAS, SCHEMA, ALL OBJECTS, DOMAIN, TYPE, AGGREGATE, SYNONYM"; SQL statement:
DROP TABLES IF EXISTS PACIENTES; CREATE TABLE PACIENTES(ID INT AUTO_INCREMENT PRIMARY KEY, NOMBRE VARCHAR(100) NOT NULL, APELLIDO VARCHAR(100) NOT NULL, CEDULA VARCHAR(100) NOT NULL, FECHA_INGRESO DATE NOT NULL, DOMICILIO_ID INT NOT NULL) [42001-224]
[2024-05-16 17:25:47] [ INFO ] [PacienteDAOH2:26] Buscando el paciente...
[2024-05-16 17:25:47] [ WARN ] [PacienteDAOH2:47] Table "PACIENTES" not found (this database is empty); SQL statement:
SELECT * FROM PACIENTES WHERE ID = ? [42104-224]
[2024-05-16 17:26:46] [ WARN ] [BD:44] Syntax error in SQL statement "CREATE TABLE DOMICILIO(ID INT [*]AUTO_INCREMENTE PRIMARY KEY, CALLE VARCHAR(100) NOT NULL, NUMERO INT NOT NULL, LOCALIDAD VARCHAR(100) NOT NULL, PROVINCIA VARCHAR(100) NOT NULL)"; expected "ARRAY, INVISIBLE, VISIBLE, NOT NULL, DEFAULT, GENERATED, ON UPDATE, NOT NULL, DEFAULT ON NULL, SEQUENCE, SELECTIVITY, COMMENT, CONSTRAINT, COMMENT, PRIMARY KEY, UNIQUE, NOT NULL, CHECK, REFERENCES, ,, )"; SQL statement:
CREATE TABLE DOMICILIO(ID INT AUTO_INCREMENTE PRIMARY KEY, CALLE VARCHAR(100) NOT NULL, NUMERO INT NOT NULL, LOCALIDAD VARCHAR(100) NOT NULL, PROVINCIA VARCHAR(100) NOT NULL) [42001-224]
[2024-05-16 17:26:46] [ INFO ] [PacienteDAOH2:26] Buscando el paciente...
[2024-05-16 17:27:38] [ WARN ] [BD:44] Syntax error in SQL statement "INSERT INTO DOMICILIO VALUES('Siempre viva',543,'Springfield','USA'),('Av. Uruguay',111,'Veracruz','Mexico')[*]INSERT INTO PACIENTES VALUES('Jorgito','Pererya','111111',2024-05-16, 1),('Omar','Espinosa','22222',2024-01-16,2)"; SQL statement:
INSERT INTO DOMICILIO VALUES('Siempre viva',543,'Springfield','USA'),('Av. Uruguay',111,'Veracruz','Mexico')INSERT INTO PACIENTES VALUES('Jorgito','Pererya','111111',2024-05-16, 1),('Omar','Espinosa','22222',2024-01-16,2) [42000-224]
[2024-05-16 17:27:38] [ INFO ] [PacienteDAOH2:26] Buscando el paciente...
[2024-05-16 17:28:21] [ WARN ] [BD:44] Syntax error in SQL statement "INSERT INTO DOMICILIO VALUES('Siempre viva',543,'Springfield','USA'),('Av. Uruguay',111,'Veracruz','Mexico')[*]INSERT INTO PACIENTES VALUES('Jorgito','Pererya','111111','2024-05-16', 1),('Omar','Espinosa','22222','2024-01-16,2')"; SQL statement:
INSERT INTO DOMICILIO VALUES('Siempre viva',543,'Springfield','USA'),('Av. Uruguay',111,'Veracruz','Mexico')INSERT INTO PACIENTES VALUES('Jorgito','Pererya','111111','2024-05-16', 1),('Omar','Espinosa','22222','2024-01-16,2') [42000-224]
[2024-05-16 17:28:21] [ INFO ] [PacienteDAOH2:26] Buscando el paciente...
[2024-05-16 17:28:47] [ WARN ] [BD:44] Syntax error in SQL statement "INSERT INTO DOMICILIO VALUES('Siempre viva',543,'Springfield','USA'),('Av. Uruguay',111,'Veracruz','Mexico') [*]INSERT INTO PACIENTES VALUES('Jorgito','Pererya','111111','2024-05-16', 1),('Omar','Espinosa','22222','2024-01-16,2')"; SQL statement:
INSERT INTO DOMICILIO VALUES('Siempre viva',543,'Springfield','USA'),('Av. Uruguay',111,'Veracruz','Mexico') INSERT INTO PACIENTES VALUES('Jorgito','Pererya','111111','2024-05-16', 1),('Omar','Espinosa','22222','2024-01-16,2') [42000-224]
[2024-05-16 17:28:47] [ INFO ] [PacienteDAOH2:26] Buscando el paciente...
[2024-05-16 17:29:01] [ WARN ] [BD:44] Column count does not match; SQL statement:
INSERT INTO DOMICILIO VALUES('Siempre viva',543,'Springfield','USA'),('Av. Uruguay',111,'Veracruz','Mexico'); INSERT INTO PACIENTES VALUES('Jorgito','Pererya','111111','2024-05-16', 1),('Omar','Espinosa','22222','2024-01-16,2') [21002-224]
[2024-05-16 17:29:01] [ INFO ] [PacienteDAOH2:26] Buscando el paciente...
[2024-05-16 17:30:04] [ WARN ] [BD:44] Column count does not match; SQL statement:
INSERT INTO DOMICILIO (CALLE, NUMERO, LOCALIDAD, PROVINCIA) VALUES('Siempre viva',543,'Springfield','USA'),('Av. Uruguay',111,'Veracruz','Mexico') [21002-224]
[2024-05-16 17:30:04] [ INFO ] [PacienteDAOH2:26] Buscando el paciente...
[2024-05-16 17:31:55] [ WARN ] [BD:44] Column count does not match; SQL statement:
INSERT INTO PACIENTES (NOMBRE,APELLIDO,CEDULA,FECHA_INGRESO,DOMICILIO_ID) VALUES ('Jorgito','Pererya','111111','2024-05-16', 1),('Omar','Espinosa','22222','2024-01-16,2'); INSERT INTO DOMICILIO (CALLE, NUMERO, LOCALIDAD, PROVINCIA) VALUES ('Siempre viva',543,'Springfield','USA'),('Av. Uruguay',111,'Veracruz','Mexico')  [21002-224]
[2024-05-16 17:31:55] [ INFO ] [PacienteDAOH2:26] Buscando el paciente...
[2024-05-16 17:32:11] [ WARN ] [BD:44] Column count does not match; SQL statement:
INSERT INTO PACIENTES (NOMBRE, APELLIDO, CEDULA, FECHA_INGRESO, DOMICILIO_ID) VALUES ('Jorgito','Pererya','111111','2024-05-16', 1),('Omar','Espinosa','22222','2024-01-16,2'); INSERT INTO DOMICILIO (CALLE, NUMERO, LOCALIDAD, PROVINCIA) VALUES ('Siempre viva',543,'Springfield','USA'),('Av. Uruguay',111,'Veracruz','Mexico')  [21002-224]
[2024-05-16 17:32:11] [ INFO ] [PacienteDAOH2:26] Buscando el paciente...
[2024-05-16 17:33:10] [ WARN ] [BD:44] Column count does not match; SQL statement:
INSERT INTO PACIENTES (NOMBRE, APELLIDO, CEDULA, FECHA_INGRESO, DOMICILIO_ID) VALUES ('Jorgito','Pererya','111111','2024-05-16', 1),('Omar','Espinosa','22222','2024-01-16,2'); INSERT INTO DOMICILIOS (CALLE, NUMERO, LOCALIDAD, PROVINCIA) VALUES ('Siempre viva',543,'Springfield','USA'),('Av. Uruguay',111,'Veracruz','Mexico') [21002-224]
[2024-05-16 17:33:10] [ INFO ] [PacienteDAOH2:26] Buscando el paciente...
[2024-05-16 17:34:37] [ INFO ] [BD:41] Tabla creada con exito y datos insertados con exito!
[2024-05-16 17:34:37] [ INFO ] [PacienteDAOH2:26] Buscando el paciente...
[2024-05-16 17:34:37] [ INFO ] [DomicilioDAOH2:25] Buscando el domicilio...
[2024-05-16 17:34:37] [ WARN ] [DomicilioDAOH2:42] Table "DOMICILIO" not found; SQL statement:
SELECT * FROM DOMICILIO WHERE ID = ? [42102-224]
[2024-05-16 17:34:37] [ INFO ] [PacienteDAOH2:26] Buscando el paciente...
[2024-05-16 17:34:57] [ INFO ] [BD:41] Tabla creada con exito y datos insertados con exito!
[2024-05-16 17:34:57] [ INFO ] [PacienteDAOH2:26] Buscando el paciente...
[2024-05-16 17:34:57] [ INFO ] [DomicilioDAOH2:25] Buscando el domicilio...
[2024-05-16 17:34:57] [ INFO ] [PacienteDAOH2:26] Buscando el paciente...
[2024-05-16 17:35:14] [ INFO ] [BD:41] Tabla creada con exito y datos insertados con exito!
[2024-05-16 17:35:14] [ INFO ] [PacienteDAOH2:26] Buscando el paciente...
[2024-05-16 17:35:14] [ INFO ] [DomicilioDAOH2:25] Buscando el domicilio...
[2024-05-16 17:35:14] [ INFO ] [PacienteDAOH2:26] Buscando el paciente...
