[2024-05-14 18:35:21] [ INFO ] [BD:26] Syntax error in SQL statement "CREATE TABLE MEDICAMENTOS (ID INT PRIMARY KEY, CODIGO INT NOT NULL, NOMBRE VARCHAR(100) NOT NULL, LABORATORIO VARCHAR(100) [*]NOT NULLCANTIDAD INT NOT NULL, PRECIO NUMERIC(10,2) NOT NULL"; expected "ARRAY, INVISIBLE, VISIBLE, NOT NULL, DEFAULT, GENERATED, ON UPDATE, NOT NULL, DEFAULT ON NULL, SEQUENCE, SELECTIVITY, COMMENT, CONSTRAINT, COMMENT, PRIMARY KEY, UNIQUE, NOT NULL, CHECK, REFERENCES, ,, )"; SQL statement:
CREATE TABLE MEDICAMENTOS (ID INT PRIMARY KEY, CODIGO INT NOT NULL, NOMBRE VARCHAR(100) NOT NULL, LABORATORIO VARCHAR(100) NOT NULLCANTIDAD INT NOT NULL, PRECIO NUMERIC(10,2) NOT NULL [42001-224]
[2024-05-14 18:35:21] [ WARN ] [MedicamentoDAOH2:37] Table "MEDICAMENTOS" not found (this database is empty); SQL statement:
INSERT INTO MEDICAMENTOS VALUES(?,?,?,?,?,?) [42104-224]
[2024-05-14 18:36:15] [ INFO ] [BD:26] Syntax error in SQL statement "CREATE TABLE MEDICAMENTOS (ID INT PRIMARY KEY, CODIGO INT NOT NULL, NOMBRE VARCHAR(100) NOT NULL, LABORATORIO VARCHAR(100) NOT NULL [*]CANTIDAD INT NOT NULL, PRECIO NUMERIC(10,2) NOT NULL"; expected "DEFAULT, GENERATED, ON UPDATE, DEFAULT ON NULL, SEQUENCE, SELECTIVITY, COMMENT, CONSTRAINT, COMMENT, PRIMARY KEY, UNIQUE, NOT NULL, CHECK, REFERENCES, ,, )"; SQL statement:
CREATE TABLE MEDICAMENTOS (ID INT PRIMARY KEY, CODIGO INT NOT NULL, NOMBRE VARCHAR(100) NOT NULL, LABORATORIO VARCHAR(100) NOT NULL CANTIDAD INT NOT NULL, PRECIO NUMERIC(10,2) NOT NULL [42001-224]
[2024-05-14 18:36:15] [ WARN ] [MedicamentoDAOH2:37] Table "MEDICAMENTOS" not found (this database is empty); SQL statement:
INSERT INTO MEDICAMENTOS VALUES(?,?,?,?,?,?) [42104-224]
[2024-05-14 18:38:31] [ INFO ] [BD:26] Syntax error in SQL statement "CREATE TABLE MEDICAMENTOS (ID INT PRIMARY KEY NOT NULL , CODIGO INT NOT NULL, NOMBRE VARCHAR(100) NOT NULL, LABORATORIO VARCHAR(100) NOT NULL [*]CANTIDAD INT NOT NULL, PRECIO NUMERIC(10,2) NOT NULL"; expected "DEFAULT, GENERATED, ON UPDATE, DEFAULT ON NULL, SEQUENCE, SELECTIVITY, COMMENT, CONSTRAINT, COMMENT, PRIMARY KEY, UNIQUE, NOT NULL, CHECK, REFERENCES, ,, )"; SQL statement:
CREATE TABLE MEDICAMENTOS (ID INT PRIMARY KEY NOT NULL , CODIGO INT NOT NULL, NOMBRE VARCHAR(100) NOT NULL, LABORATORIO VARCHAR(100) NOT NULL CANTIDAD INT NOT NULL, PRECIO NUMERIC(10,2) NOT NULL [42001-224]
[2024-05-14 18:38:31] [ WARN ] [MedicamentoDAOH2:37] Table "MEDICAMENTOS" not found (this database is empty); SQL statement:
INSERT INTO MEDICAMENTOS VALUES(?,?,?,?,?,?) [42104-224]
[2024-05-14 18:40:54] [ INFO ] [BD:26] Syntax error in SQL statement "CREATE TABLE MEDICAMENTOS (ID INT PRIMARY KEY NOT NULL , CODIGO INT NOT NULL, NOMBRE VARCHAR(100) NOT NULL, LABORATORIO VARCHAR(100) NOT NULL, CANTIDAD INT NOT NULL, PRECIO NUMERIC(10,2) NOT NULL[*]"; expected "DEFAULT, GENERATED, ON UPDATE, DEFAULT ON NULL, SEQUENCE, SELECTIVITY, COMMENT, CONSTRAINT, COMMENT, PRIMARY KEY, UNIQUE, NOT NULL, CHECK, REFERENCES, ,, )"; SQL statement:
CREATE TABLE MEDICAMENTOS (ID INT PRIMARY KEY NOT NULL , CODIGO INT NOT NULL, NOMBRE VARCHAR(100) NOT NULL, LABORATORIO VARCHAR(100) NOT NULL, CANTIDAD INT NOT NULL, PRECIO NUMERIC(10,2) NOT NULL [42001-224]
[2024-05-14 18:40:54] [ WARN ] [MedicamentoDAOH2:37] Table "MEDICAMENTOS" not found (this database is empty); SQL statement:
INSERT INTO MEDICAMENTOS VALUES(?,?,?,?,?,?) [42104-224]
[2024-05-14 18:41:01] [ INFO ] [BD:26] Syntax error in SQL statement "CREATE TABLE MEDICAMENTOS (ID INT PRIMARY KEY NOT NULL , CODIGO INT NOT NULL, NOMBRE VARCHAR(100) NOT NULL, LABORATORIO VARCHAR(100) NOT NULL, CANTIDAD INT NOT NULL, PRECIO NUMERIC(10,2) NOT NULL[*]"; expected "DEFAULT, GENERATED, ON UPDATE, DEFAULT ON NULL, SEQUENCE, SELECTIVITY, COMMENT, CONSTRAINT, COMMENT, PRIMARY KEY, UNIQUE, NOT NULL, CHECK, REFERENCES, ,, )"; SQL statement:
CREATE TABLE MEDICAMENTOS (ID INT PRIMARY KEY NOT NULL , CODIGO INT NOT NULL, NOMBRE VARCHAR(100) NOT NULL, LABORATORIO VARCHAR(100) NOT NULL, CANTIDAD INT NOT NULL, PRECIO NUMERIC(10,2) NOT NULL [42001-224]
[2024-05-14 18:41:01] [ WARN ] [MedicamentoDAOH2:37] Table "MEDICAMENTOS" not found (this database is empty); SQL statement:
INSERT INTO MEDICAMENTOS VALUES(?,?,?,?,?,?) [42104-224]
[2024-05-14 18:44:28] [ INFO ] [BD:23] Tabla creada con exito
[2024-05-14 18:44:28] [ INFO ] [MedicamentoDAOH2:34] Objeto guardado en la tabla
[2024-05-14 19:05:47] [ INFO ] [BD:23] Tabla creada con exito
[2024-05-14 19:05:47] [ INFO ] [MedicamentoDAOH2:35] Objeto guardado en la tabla
[2024-05-14 19:05:47] [ INFO ] [MedicamentoDAOH2:53] Consulta exitosa
[2024-05-14 19:05:47] [ INFO ] [MedicamentoDAOH2:53] Consulta exitosa
[2024-05-14 19:23:58] [ INFO ] [BD:23] Tabla creada con exito
[2024-05-14 19:23:58] [ INFO ] [MedicamentoDAOH2:35] Objeto guardado en la tabla
[2024-05-14 19:23:58] [ INFO ] [MedicamentoDAOH2:53] Consulta exitosa
[2024-05-14 19:23:58] [ INFO ] [MedicamentoDAOH2:53] Consulta exitosa
[2024-05-14 19:52:19] [ INFO ] [BD:23] Tabla creada con exito
[2024-05-14 19:52:19] [ INFO ] [MedicamentoDAOH2:36] Objeto guardado en la tabla
[2024-05-14 19:52:19] [ INFO ] [MedicamentoDAOH2:54] Consulta exitosa
[2024-05-14 19:52:19] [ INFO ] [MedicamentoDAOH2:59] Medicamento encontrado
[2024-05-14 19:52:19] [ INFO ] [MedicamentoDAOH2:54] Consulta exitosa
[2024-05-14 19:52:19] [ INFO ] [MedicamentoDAOH2:62] Medicamento no encontrado
[2024-05-14 20:09:28] [ INFO ] [BD:23] Tabla creada con exito
[2024-05-14 20:09:28] [ INFO ] [MedicamentoDAOH2:36] Objeto guardado en la tabla
[2024-05-14 20:09:28] [ INFO ] [MedicamentoDAOH2:54] Consulta exitosa
[2024-05-14 20:09:28] [ INFO ] [MedicamentoDAOH2:54] Consulta exitosa
[2024-05-14 20:09:28] [ INFO ] [Cliente:20] Medicamento encontrado: Paracetamol
[2024-05-14 20:09:28] [ WARN ] [Cliente:28] Medicamento no encontrado
