[2024-05-23 18:59:51] [ WARN ] [BD:40] NULL not allowed for column "EMAIL"; SQL statement:
INSERT INTO PACIENTES (NOMBRE, APELLIDO, CEDULA, FECHA_INGRESO, DOMICILIO_ID) VALUES ('Jorgito','Pererya','111111','2024-05-16', 1),('Omar','Espinosa','22222','2024-01-16',2) [23502-224]
[2024-05-23 18:59:51] [ WARN ] [BD:40] Table "DOMICILIOS" already exists; SQL statement:
DROP TABLE IF EXISTS DOMICILIO [42101-224]
[2024-05-23 19:02:00] [ WARN ] [BD:40] Table "DOMICILIOS" already exists; SQL statement:
DROP TABLE IF EXISTS DOMICILIO [42101-224]
[2024-05-23 19:02:11] [ WARN ] [BD:40] Column count does not match; SQL statement:
INSERT INTO PACIENTES (NOMBRE, APELLIDO, CEDULA, FECHA_INGRESO, DOMICILIO_ID) VALUES ('Jorgito','Pererya','111111','2024-05-16', 1,'jorge.pereyra@digitalhouse.com'),('Omar','Espinosa','22222','2024-01-16',2, 'omar@omar.com'); INSERT INTO DOMICILIOS (CALLE, NUMERO, LOCALIDAD, PROVINCIA) VALUES ('Siempre viva',543,'Springfield','USA'),('Av. Uruguay',111,'Veracruz','Mexico') [21002-224]
[2024-05-23 19:02:11] [ WARN ] [BD:40] Table "DOMICILIOS" already exists; SQL statement:
DROP TABLE IF EXISTS DOMICILIO [42101-224]
[2024-05-23 19:02:40] [ INFO ] [BD:37] Tablas creada con exito!
[2024-05-23 19:02:40] [ WARN ] [BD:40] Table "DOMICILIOS" already exists; SQL statement:
DROP TABLE IF EXISTS DOMICILIO [42101-224]
[2024-05-23 19:06:08] [ WARN ] [BD:40] Table "DOMICILIOS" already exists; SQL statement:
DROP TABLE IF EXISTS DOMICILIO [42101-224]
[2024-05-23 19:06:10] [ WARN ] [BD:40] Table "DOMICILIOS" already exists; SQL statement:
DROP TABLE IF EXISTS DOMICILIO [42101-224]
[2024-05-23 19:07:00] [ ERROR] [PacienteDAOH2:149] Table "PACIENTE" not found; SQL statement:
SELECT * FROM PACIENTE WHERE EMAIL = ? [42102-224]
[2024-05-23 19:07:45] [ INFO ] [BD:37] Tablas creada con exito!
[2024-05-23 19:07:45] [ WARN ] [BD:40] Table "DOMICILIOS" already exists; SQL statement:
DROP TABLE IF EXISTS DOMICILIO [42101-224]
[2024-05-23 19:07:50] [ INFO ] [PacienteDAOH2:142] Buscando email...
[2024-05-23 19:07:51] [ INFO ] [PacienteDAOH2:142] Buscando email...
[2024-05-23 19:07:52] [ INFO ] [PacienteDAOH2:142] Buscando email...
[2024-05-23 19:09:11] [ WARN ] [BD:40] Table "DOMICILIOS" already exists; SQL statement:
DROP TABLE IF EXISTS DOMICILIO [42101-224]
[2024-05-23 19:10:01] [ WARN ] [BD:40] Table "DOMICILIOS" already exists; SQL statement:
DROP TABLE IF EXISTS DOMICILIO [42101-224]
[2024-05-23 19:10:41] [ INFO ] [BD:37] Tablas creada con exito!
[2024-05-23 19:10:41] [ WARN ] [BD:40] Table "DOMICILIOS" already exists; SQL statement:
DROP TABLE IF EXISTS DOMICILIO [42101-224]
[2024-05-23 19:10:46] [ INFO ] [PacienteDAOH2:142] Buscando paciente por email: omar@omar.com
[2024-05-23 19:10:47] [ INFO ] [PacienteDAOH2:142] Buscando paciente por email: omar@omar.com
[2024-05-23 19:12:28] [ WARN ] [BD:40] Table "DOMICILIOS" already exists; SQL statement:
DROP TABLE IF EXISTS DOMICILIO [42101-224]
[2024-05-23 19:13:08] [ WARN ] [BD:40] Table "DOMICILIOS" already exists; SQL statement:
DROP TABLE IF EXISTS DOMICILIO [42101-224]
[2024-05-23 19:13:09] [ INFO ] [PacienteDAOH2:141] Buscando paciente por email: omar@omar.com
[2024-05-23 19:13:10] [ WARN ] [BD:40] Table "DOMICILIOS" already exists; SQL statement:
DROP TABLE IF EXISTS DOMICILIO [42101-224]
[2024-05-23 19:13:22] [ INFO ] [PacienteDAOH2:141] Buscando paciente por email: omar@omar.com
[2024-05-23 19:20:56] [ WARN ] [BD:40] Table "DOMICILIOS" already exists; SQL statement:
DROP TABLE IF EXISTS DOMICILIO [42101-224]
[2024-05-23 19:22:04] [ WARN ] [BD:40] Table "DOMICILIOS" already exists; SQL statement:
DROP TABLE IF EXISTS DOMICILIO [42101-224]
[2024-05-23 19:22:19] [ WARN ] [BD:40] Table "DOMICILIOS" already exists; SQL statement:
DROP TABLE IF EXISTS DOMICILIO [42101-224]
[2024-05-23 19:23:06] [ WARN ] [BD:40] Table "DOMICILIOS" already exists; SQL statement:
DROP TABLE IF EXISTS DOMICILIO [42101-224]
[2024-05-23 19:23:52] [ WARN ] [BD:40] Table "DOMICILIOS" already exists; SQL statement:
DROP TABLE IF EXISTS DOMICILIO [42101-224]
[2024-05-23 19:24:49] [ WARN ] [BD:40] Table "DOMICILIOS" already exists; SQL statement:
DROP TABLE IF EXISTS DOMICILIO [42101-224]
[2024-05-23 19:24:51] [ WARN ] [BD:40] Table "DOMICILIOS" already exists; SQL statement:
DROP TABLE IF EXISTS DOMICILIO [42101-224]
[2024-05-23 19:24:55] [ WARN ] [BD:40] Table "DOMICILIOS" already exists; SQL statement:
DROP TABLE IF EXISTS DOMICILIO [42101-224]
[2024-05-23 19:25:01] [ WARN ] [BD:40] Table "DOMICILIOS" already exists; SQL statement:
DROP TABLE IF EXISTS DOMICILIO [42101-224]
[2024-05-23 19:25:08] [ WARN ] [BD:40] Table "DOMICILIOS" already exists; SQL statement:
DROP TABLE IF EXISTS DOMICILIO [42101-224]
[2024-05-23 19:25:37] [ WARN ] [BD:40] Table "DOMICILIOS" already exists; SQL statement:
DROP TABLE IF EXISTS DOMICILIO [42101-224]
[2024-05-23 19:25:46] [ INFO ] [BD:37] Tablas creada con exito!
[2024-05-23 19:25:46] [ WARN ] [BD:40] Table "DOMICILIOS" already exists; SQL statement:
DROP TABLE IF EXISTS DOMICILIO [42101-224]
[2024-05-23 19:27:09] [ INFO ] [BD:37] Tablas creada con exito!
[2024-05-23 19:27:09] [ WARN ] [BD:40] Table "DOMICILIOS" already exists; SQL statement:
DROP TABLE IF EXISTS DOMICILIO [42101-224]
[2024-05-23 19:29:31] [ INFO ] [BD:37] Tablas creada con exito!
[2024-05-23 19:29:31] [ WARN ] [BD:40] Table "DOMICILIOS" already exists; SQL statement:
DROP TABLE IF EXISTS DOMICILIO [42101-224]
[2024-05-23 19:30:37] [ INFO ] [BD:37] Tablas creada con exito!
[2024-05-23 19:30:37] [ WARN ] [BD:40] Table "DOMICILIOS" already exists; SQL statement:
DROP TABLE IF EXISTS DOMICILIO [42101-224]
[2024-05-23 19:30:42] [ INFO ] [PacienteDAOH2:141] Buscando paciente por email: omar@omar.com
[2024-05-23 19:30:47] [ INFO ] [PacienteDAOH2:103] Iniciando las operaciones de busqueda...
[2024-05-23 19:30:49] [ INFO ] [PacienteDAOH2:103] Iniciando las operaciones de busqueda...
[2024-05-23 19:30:49] [ INFO ] [PacienteDAOH2:103] Iniciando las operaciones de busqueda...
[2024-05-23 19:30:50] [ INFO ] [PacienteDAOH2:103] Iniciando las operaciones de busqueda...
[2024-05-23 19:30:50] [ INFO ] [PacienteDAOH2:103] Iniciando las operaciones de busqueda...
[2024-05-23 19:30:50] [ INFO ] [PacienteDAOH2:103] Iniciando las operaciones de busqueda...
[2024-05-23 19:30:50] [ INFO ] [PacienteDAOH2:103] Iniciando las operaciones de busqueda...
[2024-05-23 19:30:50] [ INFO ] [PacienteDAOH2:103] Iniciando las operaciones de busqueda...
[2024-05-23 19:31:54] [ INFO ] [PacienteDAOH2:103] Iniciando las operaciones de busqueda...
[2024-05-23 19:33:14] [ INFO ] [BD:37] Tablas creada con exito!
[2024-05-23 19:33:14] [ WARN ] [BD:40] Table "DOMICILIOS" already exists; SQL statement:
DROP TABLE IF EXISTS DOMICILIO [42101-224]
[2024-05-23 19:33:18] [ INFO ] [PacienteDAOH2:103] Iniciando las operaciones de busqueda...
[2024-05-23 19:33:24] [ INFO ] [PacienteDAOH2:141] Buscando paciente por email: omar@omar.com
[2024-05-23 19:33:51] [ INFO ] [BD:37] Tablas creada con exito!
[2024-05-23 19:33:52] [ WARN ] [BD:40] Table "DOMICILIOS" already exists; SQL statement:
DROP TABLE IF EXISTS DOMICILIO [42101-224]
[2024-05-23 19:34:01] [ INFO ] [PacienteDAOH2:141] Buscando paciente por email: omar@omar.com
[2024-05-23 19:34:02] [ INFO ] [PacienteDAOH2:141] Buscando paciente por email: omar@omar.com
[2024-05-23 19:34:09] [ INFO ] [PacienteDAOH2:103] Iniciando las operaciones de busqueda...
[2024-05-23 19:35:14] [ INFO ] [PacienteDAOH2:103] Iniciando las operaciones de busqueda...
[2024-05-23 19:35:17] [ INFO ] [BD:37] Tablas creada con exito!
[2024-05-23 19:35:17] [ WARN ] [BD:40] Table "DOMICILIOS" already exists; SQL statement:
DROP TABLE IF EXISTS DOMICILIO [42101-224]
[2024-05-23 19:35:20] [ INFO ] [PacienteDAOH2:103] Iniciando las operaciones de busqueda...
[2024-05-23 19:36:08] [ INFO ] [BD:37] Tablas creada con exito!
[2024-05-23 19:36:08] [ WARN ] [BD:40] Table "DOMICILIOS" already exists; SQL statement:
DROP TABLE IF EXISTS DOMICILIO [42101-224]
[2024-05-23 19:36:14] [ INFO ] [PacienteDAOH2:103] Iniciando las operaciones de busqueda...
[2024-05-23 19:37:09] [ INFO ] [PacienteDAOH2:103] Iniciando las operaciones de busqueda...
[2024-05-23 19:37:35] [ INFO ] [PacienteDAOH2:103] Iniciando las operaciones de busqueda...
[2024-05-23 19:37:38] [ INFO ] [PacienteDAOH2:103] Iniciando las operaciones de busqueda...
[2024-05-23 19:37:38] [ INFO ] [PacienteDAOH2:103] Iniciando las operaciones de busqueda...
[2024-05-23 19:37:38] [ INFO ] [PacienteDAOH2:103] Iniciando las operaciones de busqueda...
[2024-05-23 19:38:48] [ INFO ] [PacienteDAOH2:103] Iniciando las operaciones de busqueda...
[2024-05-23 19:38:55] [ INFO ] [BD:37] Tablas creada con exito!
[2024-05-23 19:38:55] [ WARN ] [BD:40] Table "DOMICILIOS" already exists; SQL statement:
DROP TABLE IF EXISTS DOMICILIO [42101-224]
[2024-05-23 19:38:58] [ INFO ] [PacienteDAOH2:103] Iniciando las operaciones de busqueda...
[2024-05-23 19:39:04] [ INFO ] [PacienteDAOH2:103] Iniciando las operaciones de busqueda...
[2024-05-23 19:39:38] [ INFO ] [BD:37] Tablas creada con exito!
[2024-05-23 19:39:38] [ WARN ] [BD:40] Table "DOMICILIOS" already exists; SQL statement:
DROP TABLE IF EXISTS DOMICILIO [42101-224]
[2024-05-23 19:39:39] [ INFO ] [PacienteDAOH2:103] Iniciando las operaciones de busqueda...
[2024-05-23 19:40:18] [ WARN ] [BD:40] Table "DOMICILIOS" already exists; SQL statement:
DROP TABLE IF EXISTS DOMICILIO [42101-224]
[2024-05-23 19:41:22] [ WARN ] [BD:40] Table "DOMICILIOS" already exists; SQL statement:
DROP TABLE IF EXISTS DOMICILIO [42101-224]
[2024-05-23 19:41:29] [ INFO ] [PacienteDAOH2:103] Iniciando las operaciones de busqueda...
[2024-05-23 19:41:30] [ INFO ] [PacienteDAOH2:103] Iniciando las operaciones de busqueda...
[2024-05-23 19:41:38] [ INFO ] [PacienteDAOH2:141] Buscando paciente por email: omar@omar.com
[2024-05-23 19:41:39] [ INFO ] [PacienteDAOH2:141] Buscando paciente por email: omar@omar.com
[2024-05-23 19:41:43] [ INFO ] [BD:37] Tablas creada con exito!
[2024-05-23 19:41:43] [ WARN ] [BD:40] Table "DOMICILIOS" already exists; SQL statement:
DROP TABLE IF EXISTS DOMICILIO [42101-224]
[2024-05-23 19:41:47] [ INFO ] [PacienteDAOH2:141] Buscando paciente por email: omar@omar.com
[2024-05-23 19:42:11] [ INFO ] [BD:37] Tablas creada con exito!
[2024-05-23 19:42:11] [ WARN ] [BD:40] Table "DOMICILIOS" already exists; SQL statement:
DROP TABLE IF EXISTS DOMICILIO [42101-224]
[2024-05-23 19:42:14] [ INFO ] [PacienteDAOH2:141] Buscando paciente por email: omar@omar.com
[2024-05-23 19:42:14] [ INFO ] [PacienteDAOH2:151] 
[2024-05-23 19:42:24] [ INFO ] [PacienteDAOH2:141] Buscando paciente por email: omar@omar.com
[2024-05-23 19:42:24] [ INFO ] [PacienteDAOH2:151] 
[2024-05-23 19:42:25] [ WARN ] [BD:40] Table "DOMICILIOS" already exists; SQL statement:
DROP TABLE IF EXISTS DOMICILIO [42101-224]
[2024-05-23 19:42:29] [ INFO ] [PacienteDAOH2:141] Buscando paciente por email: omar@omar.com
[2024-05-23 19:43:01] [ WARN ] [BD:40] Table "DOMICILIOS" already exists; SQL statement:
DROP TABLE IF EXISTS DOMICILIO [42101-224]
[2024-05-23 19:44:24] [ INFO ] [BD:37] Tablas creada con exito!
[2024-05-23 19:44:24] [ WARN ] [BD:40] Table "DOMICILIOS" already exists; SQL statement:
DROP TABLE IF EXISTS DOMICILIO [42101-224]
[2024-05-23 19:44:39] [ INFO ] [PacienteDAOH2:141] Buscando paciente por email: omar@omar.com
[2024-05-23 19:44:39] [ INFO ] [PacienteDAOH2:152] 
[2024-05-23 19:45:06] [ WARN ] [BD:40] Table "DOMICILIOS" already exists; SQL statement:
DROP TABLE IF EXISTS DOMICILIO [42101-224]
[2024-05-23 19:45:41] [ INFO ] [BD:37] Tablas creada con exito!
[2024-05-23 19:45:41] [ WARN ] [BD:40] Table "DOMICILIOS" already exists; SQL statement:
DROP TABLE IF EXISTS DOMICILIO [42101-224]
[2024-05-23 19:45:42] [ INFO ] [PacienteDAOH2:141] Buscando paciente por email: omar@omar.com
[2024-05-23 19:46:08] [ WARN ] [BD:40] Table "DOMICILIOS" already exists; SQL statement:
DROP TABLE IF EXISTS DOMICILIO [42101-224]
[2024-05-23 19:46:14] [ INFO ] [PacienteDAOH2:141] Buscando paciente por email: omar@omar.com
[2024-05-23 19:47:21] [ WARN ] [BD:40] Syntax error in SQL statement "INSERT INTO PACIENTES (NOMBRE, APELLIDO, CEDULA, FECHA_INGRESO, DOMICILIO_ID, EMAIL) VALUES ('Jorgito','Pererya','111111','2024-05-16', 1,'jorge.pereyra@digitalhouse.com'),('Omar','Espinosa','22222','2024-01-16',2,'omar@omar.com') [*]INSERT INTO DOMICILIOS (CALLE, NUMERO, LOCALIDAD, PROVINCIA) VALUES ('Siempre viva',543,'Springfield','USA'),('Av. Uruguay',111,'Veracruz','Mexico')"; SQL statement:
INSERT INTO PACIENTES (NOMBRE, APELLIDO, CEDULA, FECHA_INGRESO, DOMICILIO_ID, EMAIL) VALUES ('Jorgito','Pererya','111111','2024-05-16', 1,'jorge.pereyra@digitalhouse.com'),('Omar','Espinosa','22222','2024-01-16',2,'omar@omar.com') INSERT INTO DOMICILIOS (CALLE, NUMERO, LOCALIDAD, PROVINCIA) VALUES ('Siempre viva',543,'Springfield','USA'),('Av. Uruguay',111,'Veracruz','Mexico') [42000-224]
[2024-05-23 19:47:21] [ WARN ] [BD:40] Table "DOMICILIOS" already exists; SQL statement:
DROP TABLE IF EXISTS DOMICILIO [42101-224]
[2024-05-23 19:49:55] [ WARN ] [BD:40] Table "DOMICILIOS" already exists; SQL statement:
DROP TABLE IF EXISTS DOMICILIO [42101-224]
[2024-05-23 19:50:01] [ INFO ] [BD:37] Tablas creada con exito!
[2024-05-23 19:50:01] [ WARN ] [BD:40] Table "DOMICILIOS" already exists; SQL statement:
DROP TABLE IF EXISTS DOMICILIO [42101-224]
[2024-05-23 19:50:09] [ INFO ] [PacienteDAOH2:141] Buscando paciente por email: omar@omar.com
[2024-05-23 19:50:49] [ WARN ] [BD:40] Table "DOMICILIOS" already exists; SQL statement:
DROP TABLE IF EXISTS DOMICILIO [42101-224]
[2024-05-23 19:50:50] [ INFO ] [PacienteDAOH2:141] Buscando paciente por email: omar@omar.com
[2024-05-23 19:50:50] [ INFO ] [PacienteDAOH2:143] 
[2024-05-23 19:50:57] [ INFO ] [PacienteDAOH2:141] Buscando paciente por email: omar@omar.com
[2024-05-23 19:50:57] [ INFO ] [PacienteDAOH2:143] 
[2024-05-23 19:51:07] [ WARN ] [BD:40] Table "DOMICILIOS" already exists; SQL statement:
DROP TABLE IF EXISTS DOMICILIO [42101-224]
[2024-05-23 19:51:07] [ INFO ] [PacienteDAOH2:141] Buscando paciente por email: omar@omar.com
[2024-05-23 19:51:07] [ INFO ] [PacienteDAOH2:143] nullhola
[2024-05-23 19:51:09] [ WARN ] [BD:40] Table "DOMICILIOS" already exists; SQL statement:
DROP TABLE IF EXISTS DOMICILIO [42101-224]
[2024-05-23 19:51:27] [ INFO ] [PacienteDAOH2:141] Buscando paciente por email: omar@omar.com
[2024-05-23 19:51:27] [ INFO ] [PacienteDAOH2:143] nullhola
[2024-05-23 19:51:27] [ WARN ] [BD:40] Table "DOMICILIOS" already exists; SQL statement:
DROP TABLE IF EXISTS DOMICILIO [42101-224]
[2024-05-23 19:51:32] [ INFO ] [PacienteDAOH2:141] Buscando paciente por email: omar@omar.com
[2024-05-23 19:51:32] [ INFO ] [PacienteDAOH2:143] rs19: org.h2.result.LocalResult@6c7d7f78 columns: 7 rows: 0 pos: -1
[2024-05-23 19:51:44] [ INFO ] [PacienteDAOH2:141] Buscando paciente por email: omar@omar.com
[2024-05-23 19:51:44] [ INFO ] [PacienteDAOH2:143] rs20: org.h2.result.LocalResult@362a40c7 columns: 7 rows: 0 pos: -1
[2024-05-23 19:51:45] [ WARN ] [BD:40] Table "DOMICILIOS" already exists; SQL statement:
DROP TABLE IF EXISTS DOMICILIO [42101-224]
[2024-05-23 19:51:47] [ INFO ] [PacienteDAOH2:141] Buscando paciente por email: omar@omar.com
[2024-05-23 19:51:47] [ ERROR] [PacienteDAOH2:151] No data is available [2000-224]
[2024-05-23 19:52:00] [ WARN ] [BD:40] Table "DOMICILIOS" already exists; SQL statement:
DROP TABLE IF EXISTS DOMICILIO [42101-224]
[2024-05-23 19:52:00] [ INFO ] [PacienteDAOH2:141] Buscando paciente por email: omar@omar.com
[2024-05-23 19:52:00] [ ERROR] [PacienteDAOH2:152] No data is available [2000-224]
[2024-05-23 19:52:05] [ INFO ] [PacienteDAOH2:141] Buscando paciente por email: omar@omar.com
[2024-05-23 19:52:05] [ ERROR] [PacienteDAOH2:152] No data is available [2000-224]
[2024-05-23 19:55:59] [ WARN ] [BD:40] Table "DOMICILIOS" already exists; SQL statement:
DROP TABLE IF EXISTS DOMICILIO [42101-224]
[2024-05-23 19:56:03] [ INFO ] [BD:37] Tablas creada con exito!
[2024-05-23 19:56:03] [ WARN ] [BD:40] Table "DOMICILIOS" already exists; SQL statement:
DROP TABLE IF EXISTS DOMICILIO [42101-224]
[2024-05-23 19:56:08] [ INFO ] [PacienteDAOH2:141] Buscando paciente por email: omar@omar.com
[2024-05-23 19:56:09] [ INFO ] [PacienteDAOH2:141] Buscando paciente por email: omar@omar.com
[2024-05-23 19:57:38] [ WARN ] [BD:40] Table "DOMICILIOS" already exists; SQL statement:
DROP TABLE IF EXISTS DOMICILIO [42101-224]
[2024-05-23 19:58:01] [ INFO ] [BD:37] Tablas creada con exito!
[2024-05-23 19:58:01] [ WARN ] [BD:40] Table "DOMICILIOS" already exists; SQL statement:
DROP TABLE IF EXISTS DOMICILIO [42101-224]
[2024-05-23 19:58:05] [ INFO ] [PacienteDAOH2:141] Buscando paciente por email: omar@omar.com
[2024-05-23 19:58:05] [ INFO ] [PacienteDAOH2:156] No se encontró un paciente con el email: omar@omar.com
[2024-05-23 20:00:33] [ INFO ] [BD:37] Tablas creada con exito!
[2024-05-23 20:00:33] [ WARN ] [BD:40] Table "DOMICILIOS" already exists; SQL statement:
DROP TABLE IF EXISTS DOMICILIO [42101-224]
[2024-05-23 20:04:07] [ WARN ] [BD:40] Table "DOMICILIOS" already exists; SQL statement:
DROP TABLE IF EXISTS DOMICILIO [42101-224]
[2024-05-23 20:04:23] [ INFO ] [BD:37] Tablas creada con exito!
[2024-05-23 20:04:23] [ INFO ] [BD:37] Tablas creada con exito!
[2024-05-23 20:04:34] [ INFO ] [PacienteDAOH2:141] Buscando paciente por email: omar@omar.com
[2024-05-23 20:04:34] [ INFO ] [PacienteDAOH2:156] No se encontró un paciente con el email: omar@omar.com
[2024-05-23 20:04:45] [ ERROR] [PacienteDAOH2:159] Error al buscar paciente por email: Table "PACIENTES" not found (this database is empty); SQL statement:
SELECT * FROM PACIENTES WHERE EMAIL = ? [42104-224]
org.h2.jdbc.JdbcSQLSyntaxErrorException: Table "PACIENTES" not found (this database is empty); SQL statement:
SELECT * FROM PACIENTES WHERE EMAIL = ? [42104-224]
	at org.h2.message.DbException.getJdbcSQLException(DbException.java:514)
	at org.h2.message.DbException.getJdbcSQLException(DbException.java:489)
	at org.h2.message.DbException.get(DbException.java:223)
	at org.h2.message.DbException.get(DbException.java:199)
	at org.h2.command.Parser.getTableOrViewNotFoundDbException(Parser.java:8051)
	at org.h2.command.Parser.getTableOrViewNotFoundDbException(Parser.java:8035)
	at org.h2.command.Parser.readTableOrView(Parser.java:8024)
	at org.h2.command.Parser.readTablePrimary(Parser.java:1788)
	at org.h2.command.Parser.readTableReference(Parser.java:2268)
	at org.h2.command.Parser.parseSelectFromPart(Parser.java:2718)
	at org.h2.command.Parser.parseSelect(Parser.java:2824)
	at org.h2.command.Parser.parseQueryPrimary(Parser.java:2708)
	at org.h2.command.Parser.parseQueryTerm(Parser.java:2564)
	at org.h2.command.Parser.parseQueryExpressionBody(Parser.java:2543)
	at org.h2.command.Parser.parseQueryExpressionBodyAndEndOfQuery(Parser.java:2536)
	at org.h2.command.Parser.parseQueryExpression(Parser.java:2529)
	at org.h2.command.Parser.parseQuery(Parser.java:2498)
	at org.h2.command.Parser.parsePrepared(Parser.java:627)
	at org.h2.command.Parser.parse(Parser.java:592)
	at org.h2.command.Parser.parse(Parser.java:564)
	at org.h2.command.Parser.prepareCommand(Parser.java:483)
	at org.h2.engine.SessionLocal.prepareLocal(SessionLocal.java:639)
	at org.h2.engine.SessionLocal.prepareCommand(SessionLocal.java:559)
	at org.h2.jdbc.JdbcConnection.prepareCommand(JdbcConnection.java:1166)
	at org.h2.jdbc.JdbcPreparedStatement.<init>(JdbcPreparedStatement.java:93)
	at org.h2.jdbc.JdbcConnection.prepareStatement(JdbcConnection.java:316)
	at com.omar.clinicaodontologica.dao.PacienteDAOH2.buscarPorString(PacienteDAOH2.java:138)
	at com.omar.clinicaodontologica.dao.PacienteDAOH2.buscarPorString(PacienteDAOH2.java:10)
	at com.omar.clinicaodontologica.service.PacienteService.buscarPorEmail(PacienteService.java:28)
	at com.omar.clinicaodontologica.controller.PacienteController.buscarPacientePorCorreo(PacienteController.java:32)
	at java.base/jdk.internal.reflect.DirectMethodHandleAccessor.invoke(DirectMethodHandleAccessor.java:103)
	at java.base/java.lang.reflect.Method.invoke(Method.java:580)
	at org.springframework.web.method.support.InvocableHandlerMethod.doInvoke(InvocableHandlerMethod.java:255)
	at org.springframework.web.method.support.InvocableHandlerMethod.invokeForRequest(InvocableHandlerMethod.java:188)
	at org.springframework.web.servlet.mvc.method.annotation.ServletInvocableHandlerMethod.invokeAndHandle(ServletInvocableHandlerMethod.java:118)
	at org.springframework.web.servlet.mvc.method.annotation.RequestMappingHandlerAdapter.invokeHandlerMethod(RequestMappingHandlerAdapter.java:926)
	at org.springframework.web.servlet.mvc.method.annotation.RequestMappingHandlerAdapter.handleInternal(RequestMappingHandlerAdapter.java:831)
	at org.springframework.web.servlet.mvc.method.AbstractHandlerMethodAdapter.handle(AbstractHandlerMethodAdapter.java:87)
	at org.springframework.web.servlet.DispatcherServlet.doDispatch(DispatcherServlet.java:1089)
	at org.springframework.web.servlet.DispatcherServlet.doService(DispatcherServlet.java:979)
	at org.springframework.web.servlet.FrameworkServlet.processRequest(FrameworkServlet.java:1014)
	at org.springframework.web.servlet.FrameworkServlet.doGet(FrameworkServlet.java:903)
	at jakarta.servlet.http.HttpServlet.service(HttpServlet.java:564)
	at org.springframework.web.servlet.FrameworkServlet.service(FrameworkServlet.java:885)
	at jakarta.servlet.http.HttpServlet.service(HttpServlet.java:658)
	at org.apache.catalina.core.ApplicationFilterChain.internalDoFilter(ApplicationFilterChain.java:195)
	at org.apache.catalina.core.ApplicationFilterChain.doFilter(ApplicationFilterChain.java:140)
	at org.apache.tomcat.websocket.server.WsFilter.doFilter(WsFilter.java:51)
	at org.apache.catalina.core.ApplicationFilterChain.internalDoFilter(ApplicationFilterChain.java:164)
	at org.apache.catalina.core.ApplicationFilterChain.doFilter(ApplicationFilterChain.java:140)
	at org.springframework.web.filter.RequestContextFilter.doFilterInternal(RequestContextFilter.java:100)
	at org.springframework.web.filter.OncePerRequestFilter.doFilter(OncePerRequestFilter.java:116)
	at org.apache.catalina.core.ApplicationFilterChain.internalDoFilter(ApplicationFilterChain.java:164)
	at org.apache.catalina.core.ApplicationFilterChain.doFilter(ApplicationFilterChain.java:140)
	at org.springframework.web.filter.FormContentFilter.doFilterInternal(FormContentFilter.java:93)
	at org.springframework.web.filter.OncePerRequestFilter.doFilter(OncePerRequestFilter.java:116)
	at org.apache.catalina.core.ApplicationFilterChain.internalDoFilter(ApplicationFilterChain.java:164)
	at org.apache.catalina.core.ApplicationFilterChain.doFilter(ApplicationFilterChain.java:140)
	at org.springframework.web.filter.CharacterEncodingFilter.doFilterInternal(CharacterEncodingFilter.java:201)
	at org.springframework.web.filter.OncePerRequestFilter.doFilter(OncePerRequestFilter.java:116)
	at org.apache.catalina.core.ApplicationFilterChain.internalDoFilter(ApplicationFilterChain.java:164)
	at org.apache.catalina.core.ApplicationFilterChain.doFilter(ApplicationFilterChain.java:140)
	at org.apache.catalina.core.StandardWrapperValve.invoke(StandardWrapperValve.java:167)
	at org.apache.catalina.core.StandardContextValve.invoke(StandardContextValve.java:90)
	at org.apache.catalina.authenticator.AuthenticatorBase.invoke(AuthenticatorBase.java:482)
	at org.apache.catalina.core.StandardHostValve.invoke(StandardHostValve.java:115)
	at org.apache.catalina.valves.ErrorReportValve.invoke(ErrorReportValve.java:93)
	at org.apache.catalina.core.StandardEngineValve.invoke(StandardEngineValve.java:74)
	at org.apache.catalina.connector.CoyoteAdapter.service(CoyoteAdapter.java:344)
	at org.apache.coyote.http11.Http11Processor.service(Http11Processor.java:389)
	at org.apache.coyote.AbstractProcessorLight.process(AbstractProcessorLight.java:63)
	at org.apache.coyote.AbstractProtocol$ConnectionHandler.process(AbstractProtocol.java:896)
	at org.apache.tomcat.util.net.NioEndpoint$SocketProcessor.doRun(NioEndpoint.java:1741)
	at org.apache.tomcat.util.net.SocketProcessorBase.run(SocketProcessorBase.java:52)
	at org.apache.tomcat.util.threads.ThreadPoolExecutor.runWorker(ThreadPoolExecutor.java:1190)
	at org.apache.tomcat.util.threads.ThreadPoolExecutor$Worker.run(ThreadPoolExecutor.java:659)
	at org.apache.tomcat.util.threads.TaskThread$WrappingRunnable.run(TaskThread.java:63)
	at java.base/java.lang.Thread.run(Thread.java:1570)
[2024-05-23 20:04:59] [ INFO ] [BD:37] Tablas creada con exito!
[2024-05-23 20:04:59] [ INFO ] [BD:37] Tablas creada con exito!
[2024-05-23 20:05:03] [ INFO ] [PacienteDAOH2:141] Buscando paciente por email: german@german.com
[2024-05-23 20:05:03] [ INFO ] [PacienteDAOH2:144] Registro encontrado, procesando datos...
[2024-05-23 20:05:03] [ INFO ] [DomicilioDAOH2:56] Buscando el domicilio...
[2024-05-23 20:05:27] [ INFO ] [BD:37] Tablas creada con exito!
[2024-05-23 20:05:27] [ INFO ] [BD:37] Tablas creada con exito!
[2024-05-23 20:05:31] [ INFO ] [PacienteDAOH2:141] Buscando paciente por email: german@german.com
[2024-05-23 20:05:31] [ INFO ] [PacienteDAOH2:144] Entro en el bucle
[2024-05-23 20:05:31] [ INFO ] [DomicilioDAOH2:56] Buscando el domicilio...
[2024-05-23 20:06:39] [ INFO ] [BD:37] Tablas creada con exito!
[2024-05-23 20:06:41] [ INFO ] [BD:37] Tablas creada con exito!
[2024-05-23 21:37:58] [ INFO ] [PacienteDAOH2:103] Iniciando las operaciones de busqueda...
[2024-05-23 21:37:58] [ INFO ] [DomicilioDAOH2:56] Buscando el domicilio...
[2024-05-23 21:37:58] [ INFO ] [DomicilioDAOH2:56] Buscando el domicilio...
[2024-05-23 21:38:11] [ INFO ] [PacienteDAOH2:103] Iniciando las operaciones de busqueda...
[2024-05-23 21:38:11] [ INFO ] [DomicilioDAOH2:56] Buscando el domicilio...
[2024-05-23 21:38:11] [ INFO ] [DomicilioDAOH2:56] Buscando el domicilio...
[2024-05-23 21:41:15] [ INFO ] [BD:37] Tablas creada con exito!
[2024-05-23 21:42:19] [ INFO ] [BD:37] Tablas creada con exito!
[2024-05-23 21:44:55] [ INFO ] [BD:37] Tablas creada con exito!
[2024-05-23 21:49:12] [ INFO ] [BD:37] Tablas creada con exito!
[2024-05-23 21:50:55] [ INFO ] [BD:37] Tablas creada con exito!
[2024-05-23 21:50:56] [ INFO ] [OdontologoDAOList:15] Lista creada con exito!
[2024-05-23 21:55:23] [ INFO ] [BD:37] Tablas creada con exito!
[2024-05-23 21:55:23] [ INFO ] [OdontologoDAOList:15] Lista creada con exito!
[2024-05-23 21:55:24] [ INFO ] [BD:37] Tablas creada con exito!
[2024-05-23 21:55:24] [ INFO ] [OdontologoDAOList:15] Lista creada con exito!
[2024-05-23 21:55:29] [ INFO ] [BD:37] Tablas creada con exito!
[2024-05-23 21:55:29] [ INFO ] [BD:37] Tablas creada con exito!
[2024-05-23 21:55:30] [ INFO ] [OdontologoDAOList:15] Lista creada con exito!
[2024-05-23 21:55:33] [ INFO ] [PacienteDAOH2:103] Iniciando las operaciones de busqueda...
[2024-05-23 21:55:33] [ INFO ] [DomicilioDAOH2:56] Buscando el domicilio...
[2024-05-28 16:39:50] [ INFO ] [BD:37] Tablas creada con exito!
[2024-05-28 16:39:50] [ INFO ] [BD:37] Tablas creada con exito!
[2024-05-28 16:39:50] [ INFO ] [OdontologoDAOList:15] Lista creada con exito!
[2024-05-28 16:40:40] [ INFO ] [BD:37] Tablas creada con exito!
[2024-05-28 16:40:40] [ INFO ] [BD:37] Tablas creada con exito!
[2024-05-28 16:40:40] [ INFO ] [OdontologoDAOList:15] Lista creada con exito!
[2024-05-28 16:40:47] [ INFO ] [BD:37] Tablas creada con exito!
[2024-05-28 16:40:48] [ INFO ] [OdontologoDAOList:15] Lista creada con exito!
[2024-05-28 16:46:30] [ INFO ] [BD:37] Tablas creada con exito!
[2024-05-28 16:46:31] [ INFO ] [BD:37] Tablas creada con exito!
[2024-05-28 16:46:31] [ INFO ] [OdontologoDAOList:15] Lista creada con exito!
[2024-05-28 16:47:15] [ INFO ] [BD:37] Tablas creada con exito!
[2024-05-28 16:47:15] [ INFO ] [OdontologoDAOList:15] Lista creada con exito!
[2024-05-28 16:47:26] [ INFO ] [BD:37] Tablas creada con exito!
[2024-05-28 16:47:26] [ INFO ] [BD:37] Tablas creada con exito!
[2024-05-28 16:47:27] [ INFO ] [OdontologoDAOList:15] Lista creada con exito!
[2024-05-28 16:47:43] [ INFO ] [PacienteDAOH2:30] Guardando paciente Julian
[2024-05-28 16:47:43] [ INFO ] [DomicilioDAOH2:27] Guardando domicilio con id null
[2024-05-28 16:47:43] [ INFO ] [DomicilioDAOH2:45] Domicilio guardado con exito
[2024-05-28 16:47:43] [ WARN ] [PacienteDAOH2:58] Syntax error in SQL statement "INSERT INTO PACIENTES (NOMBRE, APELLIDO, CEDULA, FECHA_INGRESO, DOMICILIO_ID, EMAIL[*]-) VALUES(?,?,?,?,?,?)"; expected ",, )"; SQL statement:
INSERT INTO PACIENTES (NOMBRE, APELLIDO, CEDULA, FECHA_INGRESO, DOMICILIO_ID, EMAIL-) VALUES(?,?,?,?,?,?) [42001-224]
[2024-05-28 16:48:14] [ INFO ] [BD:37] Tablas creada con exito!
[2024-05-28 16:48:14] [ INFO ] [BD:37] Tablas creada con exito!
[2024-05-28 16:48:15] [ INFO ] [OdontologoDAOList:15] Lista creada con exito!
[2024-05-28 16:48:21] [ INFO ] [PacienteDAOH2:30] Guardando paciente Julian
[2024-05-28 16:48:21] [ INFO ] [DomicilioDAOH2:27] Guardando domicilio con id null
[2024-05-28 16:48:21] [ INFO ] [DomicilioDAOH2:45] Domicilio guardado con exito
[2024-05-28 16:48:21] [ INFO ] [PacienteDAOH2:55] Paciente guardado
[2024-05-28 16:48:28] [ INFO ] [PacienteDAOH2:30] Guardando paciente Julian
[2024-05-28 16:48:28] [ INFO ] [DomicilioDAOH2:27] Guardando domicilio con id null
[2024-05-28 16:48:28] [ INFO ] [DomicilioDAOH2:45] Domicilio guardado con exito
[2024-05-28 16:48:28] [ INFO ] [PacienteDAOH2:55] Paciente guardado
[2024-05-28 16:48:29] [ INFO ] [PacienteDAOH2:30] Guardando paciente Julian
[2024-05-28 16:48:29] [ INFO ] [DomicilioDAOH2:27] Guardando domicilio con id null
[2024-05-28 16:48:29] [ INFO ] [DomicilioDAOH2:45] Domicilio guardado con exito
[2024-05-28 16:48:29] [ INFO ] [PacienteDAOH2:55] Paciente guardado
[2024-05-28 16:51:58] [ INFO ] [BD:37] Tablas creada con exito!
[2024-05-28 16:51:58] [ INFO ] [OdontologoDAOList:15] Lista creada con exito!
[2024-05-28 17:06:01] [ INFO ] [BD:37] Tablas creada con exito!
[2024-05-28 17:06:01] [ INFO ] [BD:37] Tablas creada con exito!
[2024-05-28 17:06:02] [ INFO ] [OdontologoDAOList:15] Lista creada con exito!
[2024-05-28 17:06:09] [ INFO ] [PacienteDAOH2:32] Guardando paciente Julian
[2024-05-28 17:06:09] [ INFO ] [DomicilioDAOH2:29] Guardando domicilio con id null
[2024-05-28 17:06:09] [ INFO ] [DomicilioDAOH2:47] Domicilio guardado con exito
[2024-05-28 17:06:09] [ INFO ] [PacienteDAOH2:57] Paciente guardado
[2024-05-28 17:06:32] [ INFO ] [PacienteDAOH2:67] Buscando el paciente...
[2024-05-28 17:06:32] [ INFO ] [DomicilioDAOH2:58] Buscando el domicilio...
[2024-05-28 17:06:32] [ WARN ] [PacienteDAOH2:88] Invalid value "8" for parameter "columnIndex" [90008-224]
[2024-05-28 17:07:11] [ INFO ] [BD:37] Tablas creada con exito!
[2024-05-28 17:07:11] [ INFO ] [OdontologoDAOList:15] Lista creada con exito!
[2024-05-28 17:07:24] [ INFO ] [BD:37] Tablas creada con exito!
[2024-05-28 17:07:24] [ INFO ] [BD:37] Tablas creada con exito!
[2024-05-28 17:07:25] [ INFO ] [OdontologoDAOList:15] Lista creada con exito!
[2024-05-28 17:07:29] [ INFO ] [PacienteDAOH2:67] Buscando el paciente...
[2024-05-28 17:08:25] [ INFO ] [BD:37] Tablas creada con exito!
[2024-05-28 17:08:25] [ INFO ] [OdontologoDAOList:15] Lista creada con exito!
[2024-05-28 17:08:28] [ INFO ] [BD:37] Tablas creada con exito!
[2024-05-28 17:08:28] [ INFO ] [BD:37] Tablas creada con exito!
[2024-05-28 17:08:28] [ INFO ] [OdontologoDAOList:15] Lista creada con exito!
[2024-05-28 17:08:35] [ INFO ] [PacienteDAOH2:126] Iniciando las operaciones de busqueda...
[2024-05-28 17:08:35] [ INFO ] [DomicilioDAOH2:58] Buscando el domicilio...
[2024-05-28 17:14:10] [ INFO ] [BD:37] Tablas creada con exito!
[2024-05-28 17:14:10] [ INFO ] [BD:37] Tablas creada con exito!
[2024-05-28 17:14:10] [ INFO ] [OdontologoDAOList:15] Lista creada con exito!
[2024-05-28 17:14:15] [ INFO ] [PacienteDAOH2:126] Iniciando las operaciones de busqueda...
[2024-05-28 17:14:35] [ INFO ] [BD:37] Tablas creada con exito!
[2024-05-28 17:14:35] [ INFO ] [BD:37] Tablas creada con exito!
[2024-05-28 17:14:35] [ INFO ] [OdontologoDAOList:15] Lista creada con exito!
[2024-05-28 17:14:40] [ INFO ] [PacienteDAOH2:126] Iniciando las operaciones de busqueda...
[2024-05-28 17:14:40] [ INFO ] [DomicilioDAOH2:58] Buscando el domicilio...
[2024-05-28 17:15:08] [ INFO ] [BD:37] Tablas creada con exito!
[2024-05-28 17:15:08] [ INFO ] [BD:37] Tablas creada con exito!
[2024-05-28 17:15:08] [ INFO ] [OdontologoDAOList:15] Lista creada con exito!
[2024-05-28 17:15:11] [ INFO ] [PacienteDAOH2:126] Iniciando las operaciones de busqueda...
[2024-05-28 17:15:11] [ INFO ] [DomicilioDAOH2:58] Buscando el domicilio...
[2024-05-28 17:15:11] [ INFO ] [DomicilioDAOH2:77] Domicilio encontrado!
[2024-05-28 17:16:10] [ INFO ] [BD:37] Tablas creada con exito!
[2024-05-28 17:16:10] [ INFO ] [OdontologoDAOList:15] Lista creada con exito!
[2024-05-28 17:16:12] [ INFO ] [BD:37] Tablas creada con exito!
[2024-05-28 17:16:12] [ INFO ] [OdontologoDAOList:15] Lista creada con exito!
[2024-05-28 17:16:53] [ INFO ] [BD:37] Tablas creada con exito!
[2024-05-28 17:16:53] [ INFO ] [OdontologoDAOList:15] Lista creada con exito!
[2024-05-28 17:17:06] [ INFO ] [BD:37] Tablas creada con exito!
[2024-05-28 17:17:06] [ INFO ] [BD:37] Tablas creada con exito!
[2024-05-28 17:17:06] [ INFO ] [OdontologoDAOList:15] Lista creada con exito!
[2024-05-28 17:17:09] [ INFO ] [PacienteDAOH2:126] Iniciando las operaciones de busqueda...
[2024-05-28 17:17:09] [ INFO ] [DomicilioDAOH2:58] Buscando el domicilio...
[2024-05-28 17:17:09] [ INFO ] [DomicilioDAOH2:77] Domicilio encontrado!
[2024-05-28 17:19:32] [ WARN ] [BD:40] Column count does not match; SQL statement:
INSERT INTO PACIENTES (NOMBRE, APELLIDO, CEDULA, FECHA_INGRESO, DOMICILIO_ID, EMAIL) VALUES ('Jorgito','Pereyra','111111','2024-05-16', 1,'jorge.pereyra@digitalhouse.com',1), ('German','Fraire','22222','2024-05-10',2,'german@german.com',1); INSERT INTO DOMICILIOS  (CALLE, NUMERO, LOCALIDAD, PROVINCIA) VALUES ('Siempre Viva',742,'Springfield','USA'),('Av. Uruguay',345,'Punta del Este','Uruguay') [21002-224]
[2024-05-28 17:19:32] [ WARN ] [BD:40] Column count does not match; SQL statement:
INSERT INTO PACIENTES (NOMBRE, APELLIDO, CEDULA, FECHA_INGRESO, DOMICILIO_ID, EMAIL) VALUES ('Jorgito','Pereyra','111111','2024-05-16', 1,'jorge.pereyra@digitalhouse.com',1), ('German','Fraire','22222','2024-05-10',2,'german@german.com',1); INSERT INTO DOMICILIOS  (CALLE, NUMERO, LOCALIDAD, PROVINCIA) VALUES ('Siempre Viva',742,'Springfield','USA'),('Av. Uruguay',345,'Punta del Este','Uruguay') [21002-224]
[2024-05-28 17:19:33] [ INFO ] [OdontologoDAOList:15] Lista creada con exito!
[2024-05-28 17:19:52] [ INFO ] [BD:37] Tablas creada con exito!
[2024-05-28 17:19:52] [ INFO ] [OdontologoDAOList:15] Lista creada con exito!
[2024-05-28 17:21:52] [ INFO ] [BD:37] Tablas creada con exito!
[2024-05-28 17:21:52] [ INFO ] [BD:37] Tablas creada con exito!
[2024-05-28 17:21:52] [ INFO ] [OdontologoDAOList:15] Lista creada con exito!
[2024-05-28 17:21:57] [ INFO ] [PacienteDAOH2:126] Iniciando las operaciones de busqueda...
[2024-05-28 17:21:57] [ INFO ] [DomicilioDAOH2:58] Buscando el domicilio...
[2024-05-28 17:21:57] [ INFO ] [DomicilioDAOH2:77] Domicilio encontrado!
[2024-05-28 17:22:32] [ WARN ] [BD:40] Syntax error in SQL statement "CREATE TABLE PACIENTES (ID INT AUTO_INCREMENT PRIMARY KEY, NOMBRE VARCHAR(100) NOT NULL, APELLIDO VARCHAR(100) NOT NULL, CEDULA VARCHAR(100) NOT NULL, FECHA_INGRESO DATE NOT NULL, DOMICILIO_ID INT NOT NULL, EMAIL VARCHAR(100) NOT NULL, [*])"; expected "identifier"; SQL statement:
CREATE TABLE PACIENTES (ID INT AUTO_INCREMENT PRIMARY KEY, NOMBRE VARCHAR(100) NOT NULL, APELLIDO VARCHAR(100) NOT NULL, CEDULA VARCHAR(100) NOT NULL, FECHA_INGRESO DATE NOT NULL, DOMICILIO_ID INT NOT NULL, EMAIL VARCHAR(100) NOT NULL, ) [42001-224]
[2024-05-28 17:22:33] [ INFO ] [OdontologoDAOList:15] Lista creada con exito!
[2024-05-28 17:23:22] [ INFO ] [BD:37] Tablas creada con exito!
[2024-05-28 17:23:22] [ INFO ] [BD:37] Tablas creada con exito!
[2024-05-28 17:23:22] [ INFO ] [OdontologoDAOList:15] Lista creada con exito!
[2024-05-28 17:23:25] [ INFO ] [PacienteDAOH2:126] Iniciando las operaciones de busqueda...
[2024-05-28 17:23:25] [ INFO ] [DomicilioDAOH2:58] Buscando el domicilio...
[2024-05-28 17:23:25] [ INFO ] [DomicilioDAOH2:77] Domicilio encontrado!
[2024-05-28 17:23:25] [ INFO ] [PacienteDAOH2:150] Paciente agregado a la lista
[2024-05-28 17:23:25] [ INFO ] [DomicilioDAOH2:58] Buscando el domicilio...
[2024-05-28 17:23:25] [ INFO ] [DomicilioDAOH2:77] Domicilio encontrado!
[2024-05-28 17:23:25] [ INFO ] [PacienteDAOH2:150] Paciente agregado a la lista
[2024-05-28 17:23:36] [ INFO ] [PacienteDAOH2:32] Guardando paciente Claudia
[2024-05-28 17:23:36] [ INFO ] [DomicilioDAOH2:29] Guardando domicilio con id null
[2024-05-28 17:23:36] [ INFO ] [DomicilioDAOH2:47] Domicilio guardado con exito
[2024-05-28 17:23:36] [ INFO ] [PacienteDAOH2:57] Paciente guardado
[2024-05-28 17:23:47] [ INFO ] [PacienteDAOH2:67] Buscando el paciente...
[2024-05-28 17:23:47] [ INFO ] [DomicilioDAOH2:58] Buscando el domicilio...
[2024-05-28 17:23:47] [ INFO ] [DomicilioDAOH2:77] Domicilio encontrado!
[2024-05-28 17:23:47] [ INFO ] [PacienteDAOH2:101] Iniciando las operaciones de actualizacion del paciente con id: 3
[2024-05-28 17:23:47] [ INFO ] [DomicilioDAOH2:88] Iniciando operaciones de actualizacion al domicilio con id: null
[2024-05-28 17:23:47] [ WARN ] [DomicilioDAOH2:102] Column "PROVICINIA" not found; SQL statement:
UPDATE DOMICILIOS SET CALLE=?, NUMERO=?, LOCALIDAD=?, PROVICINIA=? WHERE ID=? [42122-224]
[2024-05-28 17:23:47] [ WARN ] [PacienteDAOH2:120] Cannot invoke "java.lang.Integer.intValue()" because the return value of "com.omar.clinicaodontologica.model.Domicilio.getId()" is null
[2024-05-28 17:23:50] [ INFO ] [PacienteDAOH2:126] Iniciando las operaciones de busqueda...
[2024-05-28 17:23:50] [ INFO ] [DomicilioDAOH2:58] Buscando el domicilio...
[2024-05-28 17:23:50] [ INFO ] [DomicilioDAOH2:77] Domicilio encontrado!
[2024-05-28 17:23:50] [ INFO ] [PacienteDAOH2:150] Paciente agregado a la lista
[2024-05-28 17:23:50] [ INFO ] [DomicilioDAOH2:58] Buscando el domicilio...
[2024-05-28 17:23:50] [ INFO ] [DomicilioDAOH2:77] Domicilio encontrado!
[2024-05-28 17:23:50] [ INFO ] [PacienteDAOH2:150] Paciente agregado a la lista
[2024-05-28 17:23:50] [ INFO ] [DomicilioDAOH2:58] Buscando el domicilio...
[2024-05-28 17:23:50] [ INFO ] [DomicilioDAOH2:77] Domicilio encontrado!
[2024-05-28 17:23:50] [ INFO ] [PacienteDAOH2:150] Paciente agregado a la lista
[2024-05-28 17:24:24] [ INFO ] [BD:37] Tablas creada con exito!
[2024-05-28 17:24:25] [ INFO ] [BD:37] Tablas creada con exito!
[2024-05-28 17:24:25] [ INFO ] [OdontologoDAOList:15] Lista creada con exito!
[2024-05-28 17:24:36] [ INFO ] [PacienteDAOH2:32] Guardando paciente Claudia
[2024-05-28 17:24:36] [ INFO ] [DomicilioDAOH2:29] Guardando domicilio con id null
[2024-05-28 17:24:36] [ INFO ] [DomicilioDAOH2:47] Domicilio guardado con exito
[2024-05-28 17:24:36] [ INFO ] [PacienteDAOH2:57] Paciente guardado
[2024-05-28 17:24:42] [ INFO ] [PacienteDAOH2:67] Buscando el paciente...
[2024-05-28 17:24:42] [ INFO ] [DomicilioDAOH2:58] Buscando el domicilio...
[2024-05-28 17:24:42] [ INFO ] [DomicilioDAOH2:77] Domicilio encontrado!
[2024-05-28 17:24:42] [ INFO ] [PacienteDAOH2:101] Iniciando las operaciones de actualizacion del paciente con id: 3
[2024-05-28 17:24:42] [ INFO ] [DomicilioDAOH2:88] Iniciando operaciones de actualizacion al domicilio con id: null
[2024-05-28 17:24:42] [ WARN ] [DomicilioDAOH2:102] Cannot invoke "java.lang.Integer.intValue()" because the return value of "com.omar.clinicaodontologica.model.Domicilio.getId()" is null
[2024-05-28 17:24:42] [ WARN ] [PacienteDAOH2:120] Cannot invoke "java.lang.Integer.intValue()" because the return value of "com.omar.clinicaodontologica.model.Domicilio.getId()" is null
[2024-05-28 17:24:45] [ INFO ] [PacienteDAOH2:126] Iniciando las operaciones de busqueda...
[2024-05-28 17:24:45] [ INFO ] [DomicilioDAOH2:58] Buscando el domicilio...
[2024-05-28 17:24:45] [ INFO ] [DomicilioDAOH2:77] Domicilio encontrado!
[2024-05-28 17:24:45] [ INFO ] [PacienteDAOH2:150] Paciente agregado a la lista
[2024-05-28 17:24:45] [ INFO ] [DomicilioDAOH2:58] Buscando el domicilio...
[2024-05-28 17:24:45] [ INFO ] [DomicilioDAOH2:77] Domicilio encontrado!
[2024-05-28 17:24:45] [ INFO ] [PacienteDAOH2:150] Paciente agregado a la lista
[2024-05-28 17:24:45] [ INFO ] [DomicilioDAOH2:58] Buscando el domicilio...
[2024-05-28 17:24:45] [ INFO ] [DomicilioDAOH2:77] Domicilio encontrado!
[2024-05-28 17:24:45] [ INFO ] [PacienteDAOH2:150] Paciente agregado a la lista
[2024-05-28 17:28:18] [ INFO ] [BD:37] Tablas creada con exito!
[2024-05-28 17:28:19] [ INFO ] [BD:37] Tablas creada con exito!
[2024-05-28 17:28:19] [ INFO ] [OdontologoDAOList:15] Lista creada con exito!
[2024-05-28 17:28:27] [ INFO ] [PacienteDAOH2:32] Guardando paciente Julian
[2024-05-28 17:28:27] [ INFO ] [DomicilioDAOH2:29] Guardando domicilio con id null
[2024-05-28 17:28:27] [ INFO ] [DomicilioDAOH2:47] Domicilio guardado con exito
[2024-05-28 17:28:27] [ INFO ] [PacienteDAOH2:57] Paciente guardado
[2024-05-28 17:28:31] [ INFO ] [PacienteDAOH2:67] Buscando el paciente...
[2024-05-28 17:28:31] [ INFO ] [DomicilioDAOH2:58] Buscando el domicilio...
[2024-05-28 17:28:31] [ INFO ] [DomicilioDAOH2:77] Domicilio encontrado!
[2024-05-28 17:28:31] [ INFO ] [PacienteDAOH2:101] Iniciando las operaciones de actualizacion del paciente con id: 3
[2024-05-28 17:28:31] [ INFO ] [DomicilioDAOH2:58] Buscando el domicilio...
[2024-05-28 17:28:31] [ WARN ] [DomicilioDAOH2:75] Cannot invoke "java.lang.Integer.intValue()" because "id" is null
[2024-05-28 17:28:31] [ INFO ] [DomicilioDAOH2:77] Domicilio encontrado!
[2024-05-28 17:28:31] [ WARN ] [PacienteDAOH2:121] Cannot invoke "com.omar.clinicaodontologica.model.Domicilio.getId()" because "domicilio" is null
[2024-05-28 17:29:15] [ INFO ] [BD:37] Tablas creada con exito!
[2024-05-28 17:29:15] [ INFO ] [OdontologoDAOList:15] Lista creada con exito!
[2024-05-28 17:29:17] [ INFO ] [BD:37] Tablas creada con exito!
[2024-05-28 17:29:17] [ INFO ] [OdontologoDAOList:15] Lista creada con exito!
[2024-05-28 17:31:29] [ INFO ] [BD:37] Tablas creada con exito!
[2024-05-28 17:31:29] [ INFO ] [OdontologoDAOList:15] Lista creada con exito!
[2024-05-28 17:31:30] [ INFO ] [BD:37] Tablas creada con exito!
[2024-05-28 17:31:30] [ INFO ] [OdontologoDAOList:15] Lista creada con exito!
[2024-05-28 17:31:32] [ INFO ] [PacienteDAOH2:32] Guardando paciente Claudia
[2024-05-28 17:31:32] [ INFO ] [DomicilioDAOH2:29] Guardando domicilio con id null
[2024-05-28 17:31:32] [ INFO ] [DomicilioDAOH2:48] Domicilio guardado con exito
[2024-05-28 17:31:32] [ INFO ] [PacienteDAOH2:57] Paciente guardado
[2024-05-28 17:31:57] [ INFO ] [PacienteDAOH2:67] Buscando el paciente...
[2024-05-28 17:31:57] [ INFO ] [DomicilioDAOH2:59] Buscando el domicilio...
[2024-05-28 17:31:57] [ INFO ] [DomicilioDAOH2:78] Domicilio encontrado!
[2024-05-28 17:31:57] [ INFO ] [PacienteDAOH2:101] Iniciando las operaciones de actualizacion del paciente con id: 3
[2024-05-28 17:31:57] [ INFO ] [DomicilioDAOH2:89] Iniciando operaciones de actualizacion al domicilio con id: 3
[2024-05-28 17:31:57] [ WARN ] [DomicilioDAOH2:103] Method is only allowed for a query. Use execute or executeUpdate instead of executeQuery; SQL statement:
UPDATE DOMICILIOS SET CALLE=?, NUMERO=?, LOCALIDAD=?, PROVINCIA=? WHERE ID=? [90002-224]
[2024-05-28 17:31:57] [ WARN ] [PacienteDAOH2:120] Method is only allowed for a query. Use execute or executeUpdate instead of executeQuery; SQL statement:
UPDATE PACIENTES SET NOMBRE=?, APELLIDO=?, CEDULA=?, FECHA_INGRESO=?,DOMICILIO_ID=?, EMAIL=? WHERE ID=? [90002-224]
[2024-05-28 17:33:57] [ INFO ] [BD:37] Tablas creada con exito!
[2024-05-28 17:33:57] [ INFO ] [OdontologoDAOList:15] Lista creada con exito!
[2024-05-28 17:34:04] [ INFO ] [BD:37] Tablas creada con exito!
[2024-05-28 17:34:04] [ INFO ] [BD:37] Tablas creada con exito!
[2024-05-28 17:34:05] [ INFO ] [OdontologoDAOList:15] Lista creada con exito!
[2024-05-28 17:34:17] [ INFO ] [PacienteDAOH2:32] Guardando paciente Julian
[2024-05-28 17:34:17] [ INFO ] [DomicilioDAOH2:29] Guardando domicilio con id null
[2024-05-28 17:34:17] [ INFO ] [DomicilioDAOH2:48] Domicilio guardado con exito
[2024-05-28 17:34:17] [ INFO ] [PacienteDAOH2:57] Paciente guardado
[2024-05-28 17:34:29] [ INFO ] [PacienteDAOH2:67] Buscando el paciente...
[2024-05-28 17:34:29] [ INFO ] [DomicilioDAOH2:59] Buscando el domicilio...
[2024-05-28 17:34:29] [ INFO ] [DomicilioDAOH2:78] Domicilio encontrado!
[2024-05-28 17:34:29] [ INFO ] [PacienteDAOH2:101] Iniciando las operaciones de actualizacion del paciente con id: 3
[2024-05-28 17:34:29] [ INFO ] [DomicilioDAOH2:89] Iniciando operaciones de actualizacion al domicilio con id: 3
[2024-05-28 17:34:29] [ WARN ] [DomicilioDAOH2:103] Method is only allowed for a query. Use execute or executeUpdate instead of executeQuery; SQL statement:
UPDATE DOMICILIOS SET CALLE=?, NUMERO=?, LOCALIDAD=?, PROVINCIA=? WHERE ID=? [90002-224]
[2024-05-28 17:34:29] [ WARN ] [PacienteDAOH2:120] Method is only allowed for a query. Use execute or executeUpdate instead of executeQuery; SQL statement:
UPDATE PACIENTES SET NOMBRE=?, APELLIDO=?, CEDULA=?, FECHA_INGRESO=?,DOMICILIO_ID=?, EMAIL=? WHERE ID=? [90002-224]
[2024-05-28 17:37:10] [ INFO ] [BD:37] Tablas creada con exito!
[2024-05-28 17:37:10] [ INFO ] [OdontologoDAOList:15] Lista creada con exito!
[2024-05-28 17:38:22] [ INFO ] [BD:37] Tablas creada con exito!
[2024-05-28 17:38:22] [ INFO ] [OdontologoDAOList:15] Lista creada con exito!
[2024-05-28 17:39:03] [ INFO ] [PacienteDAOH2:32] Guardando paciente Claudia
[2024-05-28 17:39:03] [ INFO ] [DomicilioDAOH2:29] Guardando domicilio con id 3
[2024-05-28 17:39:03] [ INFO ] [DomicilioDAOH2:48] Domicilio guardado con exito
[2024-05-28 17:39:03] [ INFO ] [PacienteDAOH2:57] Paciente guardado
[2024-05-28 17:39:12] [ INFO ] [PacienteDAOH2:67] Buscando el paciente...
[2024-05-28 17:39:12] [ INFO ] [DomicilioDAOH2:59] Buscando el domicilio...
[2024-05-28 17:39:12] [ INFO ] [DomicilioDAOH2:78] Domicilio encontrado!
[2024-05-28 17:39:12] [ INFO ] [PacienteDAOH2:101] Iniciando las operaciones de actualizacion del paciente con id: 3
[2024-05-28 17:39:12] [ INFO ] [DomicilioDAOH2:89] Iniciando operaciones de actualizacion al domicilio con id: 3
[2024-05-28 17:39:12] [ WARN ] [DomicilioDAOH2:104] Method is only allowed for a query. Use execute or executeUpdate instead of executeQuery; SQL statement:
UPDATE DOMICILIOS SET CALLE=?, NUMERO=?, LOCALIDAD=?, PROVINCIA=? WHERE ID=? [90002-224]
[2024-05-28 17:39:12] [ WARN ] [PacienteDAOH2:120] Method is only allowed for a query. Use execute or executeUpdate instead of executeQuery; SQL statement:
UPDATE PACIENTES SET NOMBRE=?, APELLIDO=?, CEDULA=?, FECHA_INGRESO=?,DOMICILIO_ID=?, EMAIL=? WHERE ID=? [90002-224]
[2024-05-28 17:39:36] [ INFO ] [BD:37] Tablas creada con exito!
[2024-05-28 17:39:36] [ INFO ] [BD:37] Tablas creada con exito!
[2024-05-28 17:39:37] [ INFO ] [OdontologoDAOList:15] Lista creada con exito!
[2024-05-28 17:39:45] [ INFO ] [PacienteDAOH2:32] Guardando paciente Claudia
[2024-05-28 17:39:45] [ INFO ] [DomicilioDAOH2:29] Guardando domicilio con id null
[2024-05-28 17:39:45] [ INFO ] [DomicilioDAOH2:48] Domicilio guardado con exito
[2024-05-28 17:39:45] [ INFO ] [PacienteDAOH2:57] Paciente guardado
[2024-05-28 17:39:52] [ INFO ] [PacienteDAOH2:67] Buscando el paciente...
[2024-05-28 17:39:52] [ INFO ] [DomicilioDAOH2:59] Buscando el domicilio...
[2024-05-28 17:39:52] [ INFO ] [DomicilioDAOH2:78] Domicilio encontrado!
[2024-05-28 17:39:52] [ INFO ] [PacienteDAOH2:101] Iniciando las operaciones de actualizacion del paciente con id: 3
[2024-05-28 17:39:52] [ INFO ] [DomicilioDAOH2:89] Iniciando operaciones de actualizacion al domicilio con id: 3
[2024-05-28 17:39:52] [ INFO ] [DomicilioDAOH2:95] Empezando a settear
[2024-05-28 17:39:52] [ WARN ] [DomicilioDAOH2:105] Method is only allowed for a query. Use execute or executeUpdate instead of executeQuery; SQL statement:
UPDATE DOMICILIOS SET CALLE=?, NUMERO=?, LOCALIDAD=?, PROVINCIA=? WHERE ID=? [90002-224]
[2024-05-28 17:39:52] [ WARN ] [PacienteDAOH2:120] Method is only allowed for a query. Use execute or executeUpdate instead of executeQuery; SQL statement:
UPDATE PACIENTES SET NOMBRE=?, APELLIDO=?, CEDULA=?, FECHA_INGRESO=?,DOMICILIO_ID=?, EMAIL=? WHERE ID=? [90002-224]
[2024-05-28 17:40:18] [ INFO ] [BD:37] Tablas creada con exito!
[2024-05-28 17:40:18] [ INFO ] [BD:37] Tablas creada con exito!
[2024-05-28 17:40:19] [ INFO ] [OdontologoDAOList:15] Lista creada con exito!
[2024-05-28 17:40:25] [ INFO ] [PacienteDAOH2:67] Buscando el paciente...
[2024-05-28 17:40:28] [ INFO ] [PacienteDAOH2:32] Guardando paciente Julian
[2024-05-28 17:40:28] [ INFO ] [DomicilioDAOH2:29] Guardando domicilio con id null
[2024-05-28 17:40:28] [ INFO ] [DomicilioDAOH2:48] Domicilio guardado con exito
[2024-05-28 17:40:28] [ INFO ] [PacienteDAOH2:57] Paciente guardado
[2024-05-28 17:40:33] [ INFO ] [PacienteDAOH2:32] Guardando paciente Claudia
[2024-05-28 17:40:33] [ INFO ] [DomicilioDAOH2:29] Guardando domicilio con id 3
[2024-05-28 17:40:33] [ INFO ] [DomicilioDAOH2:48] Domicilio guardado con exito
[2024-05-28 17:40:33] [ INFO ] [PacienteDAOH2:57] Paciente guardado
[2024-05-28 17:40:44] [ INFO ] [PacienteDAOH2:67] Buscando el paciente...
[2024-05-28 17:40:44] [ INFO ] [DomicilioDAOH2:59] Buscando el domicilio...
[2024-05-28 17:40:44] [ INFO ] [DomicilioDAOH2:78] Domicilio encontrado!
[2024-05-28 17:40:44] [ INFO ] [PacienteDAOH2:101] Iniciando las operaciones de actualizacion del paciente con id: 3
[2024-05-28 17:40:44] [ INFO ] [DomicilioDAOH2:89] Iniciando operaciones de actualizacion al domicilio con id: 3
[2024-05-28 17:40:44] [ INFO ] [DomicilioDAOH2:102] Usuario actualizado
[2024-05-28 17:40:44] [ WARN ] [PacienteDAOH2:120] Method is only allowed for a query. Use execute or executeUpdate instead of executeQuery; SQL statement:
UPDATE PACIENTES SET NOMBRE=?, APELLIDO=?, CEDULA=?, FECHA_INGRESO=?,DOMICILIO_ID=?, EMAIL=? WHERE ID=? [90002-224]
[2024-05-28 17:41:13] [ INFO ] [BD:37] Tablas creada con exito!
[2024-05-28 17:41:13] [ INFO ] [BD:37] Tablas creada con exito!
[2024-05-28 17:41:14] [ INFO ] [OdontologoDAOList:15] Lista creada con exito!
[2024-05-28 17:41:22] [ INFO ] [PacienteDAOH2:32] Guardando paciente Claudia
[2024-05-28 17:41:22] [ INFO ] [DomicilioDAOH2:29] Guardando domicilio con id null
[2024-05-28 17:41:22] [ INFO ] [DomicilioDAOH2:48] Domicilio guardado con exito
[2024-05-28 17:41:22] [ INFO ] [PacienteDAOH2:57] Paciente guardado
[2024-05-28 17:41:30] [ INFO ] [PacienteDAOH2:67] Buscando el paciente...
[2024-05-28 17:41:30] [ INFO ] [DomicilioDAOH2:59] Buscando el domicilio...
[2024-05-28 17:41:30] [ INFO ] [DomicilioDAOH2:78] Domicilio encontrado!
[2024-05-28 17:41:30] [ INFO ] [PacienteDAOH2:101] Iniciando las operaciones de actualizacion del paciente con id: 3
[2024-05-28 17:41:30] [ INFO ] [DomicilioDAOH2:89] Iniciando operaciones de actualizacion al domicilio con id: 3
[2024-05-28 17:41:35] [ INFO ] [PacienteDAOH2:126] Iniciando las operaciones de busqueda...
[2024-05-28 17:41:35] [ INFO ] [DomicilioDAOH2:59] Buscando el domicilio...
[2024-05-28 17:41:35] [ INFO ] [DomicilioDAOH2:78] Domicilio encontrado!
[2024-05-28 17:41:35] [ INFO ] [PacienteDAOH2:150] Paciente agregado a la lista
[2024-05-28 17:41:35] [ INFO ] [DomicilioDAOH2:59] Buscando el domicilio...
[2024-05-28 17:41:35] [ INFO ] [DomicilioDAOH2:78] Domicilio encontrado!
[2024-05-28 17:41:35] [ INFO ] [PacienteDAOH2:150] Paciente agregado a la lista
[2024-05-28 17:41:35] [ INFO ] [DomicilioDAOH2:59] Buscando el domicilio...
[2024-05-28 17:41:35] [ INFO ] [DomicilioDAOH2:78] Domicilio encontrado!
[2024-05-28 17:41:35] [ INFO ] [PacienteDAOH2:150] Paciente agregado a la lista
[2024-05-28 17:42:06] [ INFO ] [PacienteDAOH2:67] Buscando el paciente...
[2024-05-28 17:42:06] [ INFO ] [DomicilioDAOH2:59] Buscando el domicilio...
[2024-05-28 17:42:06] [ INFO ] [DomicilioDAOH2:78] Domicilio encontrado!
[2024-05-28 17:42:06] [ INFO ] [PacienteDAOH2:101] Iniciando las operaciones de actualizacion del paciente con id: 3
[2024-05-28 17:42:06] [ INFO ] [DomicilioDAOH2:89] Iniciando operaciones de actualizacion al domicilio con id: 3
[2024-05-28 17:42:08] [ INFO ] [PacienteDAOH2:126] Iniciando las operaciones de busqueda...
[2024-05-28 17:42:08] [ INFO ] [DomicilioDAOH2:59] Buscando el domicilio...
[2024-05-28 17:42:08] [ INFO ] [DomicilioDAOH2:78] Domicilio encontrado!
[2024-05-28 17:42:08] [ INFO ] [PacienteDAOH2:150] Paciente agregado a la lista
[2024-05-28 17:42:08] [ INFO ] [DomicilioDAOH2:59] Buscando el domicilio...
[2024-05-28 17:42:08] [ INFO ] [DomicilioDAOH2:78] Domicilio encontrado!
[2024-05-28 17:42:08] [ INFO ] [PacienteDAOH2:150] Paciente agregado a la lista
[2024-05-28 17:42:08] [ INFO ] [DomicilioDAOH2:59] Buscando el domicilio...
[2024-05-28 17:42:08] [ INFO ] [DomicilioDAOH2:78] Domicilio encontrado!
[2024-05-28 17:42:08] [ INFO ] [PacienteDAOH2:150] Paciente agregado a la lista
[2024-05-28 18:41:28] [ INFO ] [BD:37] Tablas creada con exito!
[2024-05-28 18:41:28] [ INFO ] [BD:37] Tablas creada con exito!
[2024-05-28 18:41:28] [ INFO ] [OdontologoDAOList:15] Lista creada con exito!
[2024-05-28 18:41:35] [ INFO ] [PacienteDAOH2:67] Buscando el paciente...
[2024-05-28 18:41:35] [ INFO ] [DomicilioDAOH2:59] Buscando el domicilio...
[2024-05-28 18:41:35] [ INFO ] [DomicilioDAOH2:78] Domicilio encontrado!
[2024-05-28 18:41:58] [ INFO ] [PacienteDAOH2:67] Buscando el paciente...
[2024-05-28 18:42:41] [ INFO ] [BD:37] Tablas creada con exito!
[2024-05-28 18:42:41] [ INFO ] [OdontologoDAOList:15] Lista creada con exito!
[2024-05-28 18:43:58] [ INFO ] [BD:37] Tablas creada con exito!
[2024-05-28 18:43:58] [ INFO ] [OdontologoDAOList:15] Lista creada con exito!
[2024-05-28 18:44:08] [ INFO ] [BD:37] Tablas creada con exito!
[2024-05-28 19:10:52] [ WARN ] [BD:41] Data conversion error converting "'ABC10' (ODONTOLOGOS: ""MATRICULA"" INTEGER NOT NULL)"; SQL statement:
INSERT INTO PACIENTES (NOMBRE, APELLIDO, CEDULA, FECHA_INGRESO, DOMICILIO_ID, EMAIL) VALUES ('Jorgito','Pereyra','111111','2024-05-16', 1,'jorge.pereyra@digitalhouse.com'), ('German','Fraire','22222','2024-05-10',2,'german@german.com') [22018-224]
[2024-05-28 19:10:52] [ WARN ] [BD:41] Data conversion error converting "'ABC10' (ODONTOLOGOS: ""MATRICULA"" INTEGER NOT NULL)"; SQL statement:
INSERT INTO PACIENTES (NOMBRE, APELLIDO, CEDULA, FECHA_INGRESO, DOMICILIO_ID, EMAIL) VALUES ('Jorgito','Pereyra','111111','2024-05-16', 1,'jorge.pereyra@digitalhouse.com'), ('German','Fraire','22222','2024-05-10',2,'german@german.com') [22018-224]
[2024-05-28 19:10:52] [ INFO ] [OdontologoDAOList:15] Lista creada con exito!
[2024-05-28 19:11:12] [ INFO ] [BD:38] Tablas creada con exito!
[2024-05-28 19:11:12] [ INFO ] [BD:38] Tablas creada con exito!
[2024-05-28 19:11:13] [ INFO ] [OdontologoDAOList:15] Lista creada con exito!
[2024-05-28 19:13:49] [ INFO ] [BD:38] Tablas creada con exito!
[2024-05-28 19:14:52] [ INFO ] [BD:38] Tablas creada con exito!
[2024-05-28 19:14:52] [ INFO ] [BD:38] Tablas creada con exito!
[2024-05-28 19:14:52] [ INFO ] [OdontologoDAOList:15] Lista creada con exito!
[2024-05-28 19:15:08] [ INFO ] [OdontologoDAOH2:40] Se inserto correctamente el odontologo en la BD
[2024-05-28 19:15:48] [ INFO ] [BD:38] Tablas creada con exito!
[2024-05-28 19:15:48] [ INFO ] [OdontologoDAOList:15] Lista creada con exito!
[2024-05-28 19:18:06] [ INFO ] [BD:38] Tablas creada con exito!
[2024-05-28 19:18:06] [ INFO ] [BD:38] Tablas creada con exito!
[2024-05-28 19:18:07] [ INFO ] [OdontologoDAOList:15] Lista creada con exito!
[2024-05-28 19:18:10] [ INFO ] [OdontologoDAOH2:46] Se inserto correctamente el odontologo en la BD
[2024-05-28 19:18:17] [ INFO ] [OdontologoDAOH2:111] Devolviendo lista de odontologos
[2024-05-28 19:19:26] [ INFO ] [BD:38] Tablas creada con exito!
[2024-05-28 19:19:26] [ INFO ] [OdontologoDAOList:15] Lista creada con exito!
[2024-05-28 19:19:55] [ INFO ] [PacienteDAOH2:138] Iniciando las operaciones de busqueda...
[2024-05-28 19:19:55] [ INFO ] [DomicilioDAOH2:59] Buscando el domicilio...
[2024-05-28 19:19:55] [ INFO ] [DomicilioDAOH2:78] Domicilio encontrado!
[2024-05-28 19:19:55] [ INFO ] [PacienteDAOH2:162] Paciente agregado a la lista
[2024-05-28 19:19:55] [ INFO ] [DomicilioDAOH2:59] Buscando el domicilio...
[2024-05-28 19:19:55] [ INFO ] [DomicilioDAOH2:78] Domicilio encontrado!
[2024-05-28 19:19:55] [ INFO ] [PacienteDAOH2:162] Paciente agregado a la lista
[2024-05-28 19:22:19] [ INFO ] [BD:38] Tablas creada con exito!
[2024-05-28 19:22:19] [ INFO ] [BD:38] Tablas creada con exito!
[2024-05-28 19:22:20] [ INFO ] [OdontologoDAOList:15] Lista creada con exito!
[2024-05-28 19:23:37] [ INFO ] [BD:38] Tablas creada con exito!
[2024-05-28 19:23:37] [ INFO ] [OdontologoDAOList:15] Lista creada con exito!
[2024-05-28 19:24:23] [ INFO ] [BD:38] Tablas creada con exito!
[2024-05-28 19:24:23] [ INFO ] [BD:38] Tablas creada con exito!
[2024-05-28 19:24:23] [ INFO ] [OdontologoDAOList:15] Lista creada con exito!
[2024-05-28 19:25:29] [ INFO ] [BD:38] Tablas creada con exito!
[2024-05-28 19:25:29] [ INFO ] [BD:38] Tablas creada con exito!
[2024-05-28 19:25:30] [ INFO ] [OdontologoDAOList:15] Lista creada con exito!
[2024-05-28 19:27:12] [ INFO ] [BD:38] Tablas creada con exito!
[2024-05-28 19:27:12] [ INFO ] [BD:38] Tablas creada con exito!
[2024-05-28 19:27:12] [ INFO ] [OdontologoDAOList:15] Lista creada con exito!
[2024-05-28 19:27:39] [ INFO ] [BD:38] Tablas creada con exito!
[2024-05-28 19:27:39] [ INFO ] [OdontologoDAOList:15] Lista creada con exito!
[2024-05-28 19:27:44] [ INFO ] [BD:38] Tablas creada con exito!
[2024-05-28 19:27:44] [ INFO ] [BD:38] Tablas creada con exito!
[2024-05-28 19:27:45] [ INFO ] [OdontologoDAOList:15] Lista creada con exito!
[2024-05-28 19:28:09] [ INFO ] [BD:38] Tablas creada con exito!
[2024-05-28 19:28:09] [ INFO ] [BD:38] Tablas creada con exito!
[2024-05-28 19:28:10] [ INFO ] [OdontologoDAOList:15] Lista creada con exito!
[2024-05-28 19:28:58] [ INFO ] [BD:38] Tablas creada con exito!
[2024-05-28 19:28:58] [ INFO ] [OdontologoDAOList:15] Lista creada con exito!
[2024-05-28 19:28:59] [ INFO ] [OdontologoDAOH2:59] Conexion a bd exitosa
[2024-05-28 19:28:59] [ INFO ] [OdontologoDAOH2:64] Usuario encontrado
[2024-05-28 19:28:59] [ INFO ] [BD:38] Tablas creada con exito!
[2024-05-28 19:28:59] [ INFO ] [OdontologoDAOList:15] Lista creada con exito!
[2024-05-28 19:29:08] [ WARN ] [OdontologoDAOH2:48] Method is only allowed for a query. Use execute or executeUpdate instead of executeQuery; SQL statement:
INSERT INTO ODONTOLOGOS (MATRICULA, NOMBRE, APELLIDO) VALUES(?,?,?) [90002-224]
[2024-05-28 19:29:10] [ INFO ] [OdontologoDAOH2:111] Devolviendo lista de odontologos
[2024-05-28 19:29:15] [ WARN ] [OdontologoDAOH2:48] Method is only allowed for a query. Use execute or executeUpdate instead of executeQuery; SQL statement:
INSERT INTO ODONTOLOGOS (MATRICULA, NOMBRE, APELLIDO) VALUES(?,?,?) [90002-224]
[2024-05-28 19:29:18] [ INFO ] [OdontologoDAOH2:111] Devolviendo lista de odontologos
[2024-05-28 19:30:25] [ INFO ] [BD:38] Tablas creada con exito!
[2024-05-28 19:30:25] [ INFO ] [BD:38] Tablas creada con exito!
[2024-05-28 19:30:26] [ INFO ] [OdontologoDAOList:15] Lista creada con exito!
[2024-05-28 19:30:32] [ INFO ] [OdontologoDAOH2:45] Se inserto correctamente el odontologo en la BD
[2024-05-28 19:30:36] [ INFO ] [OdontologoDAOH2:111] Devolviendo lista de odontologos
[2024-05-28 19:31:22] [ INFO ] [BD:38] Tablas creada con exito!
[2024-05-28 19:31:22] [ INFO ] [BD:38] Tablas creada con exito!
[2024-05-28 19:31:22] [ INFO ] [OdontologoDAOList:15] Lista creada con exito!
[2024-05-28 19:31:30] [ INFO ] [OdontologoDAOH2:59] Conexion a bd exitosa
[2024-05-28 19:31:30] [ INFO ] [OdontologoDAOH2:64] Usuario encontrado
[2024-05-28 19:32:18] [ INFO ] [BD:38] Tablas creada con exito!
[2024-05-28 19:32:18] [ INFO ] [BD:38] Tablas creada con exito!
[2024-05-28 19:32:18] [ INFO ] [OdontologoDAOList:15] Lista creada con exito!
[2024-05-28 19:32:22] [ INFO ] [OdontologoDAOH2:59] Conexion a bd exitosa
[2024-05-28 19:32:22] [ INFO ] [OdontologoDAOH2:72] Usuario encontrado
[2024-05-28 19:34:37] [ INFO ] [BD:38] Tablas creada con exito!
[2024-05-28 19:34:37] [ INFO ] [BD:38] Tablas creada con exito!
[2024-05-28 19:34:38] [ INFO ] [OdontologoDAOList:15] Lista creada con exito!
[2024-05-28 19:34:42] [ INFO ] [OdontologoDAOH2:112] Devolviendo lista de odontologos
[2024-05-28 19:37:06] [ INFO ] [BD:38] Tablas creada con exito!
[2024-05-28 19:37:07] [ INFO ] [BD:38] Tablas creada con exito!
[2024-05-28 19:37:07] [ INFO ] [OdontologoDAOList:15] Lista creada con exito!
[2024-05-28 19:38:00] [ INFO ] [BD:38] Tablas creada con exito!
[2024-05-28 19:38:00] [ INFO ] [BD:38] Tablas creada con exito!
[2024-05-28 19:38:01] [ INFO ] [OdontologoDAOList:15] Lista creada con exito!
[2024-05-28 19:40:14] [ INFO ] [BD:38] Tablas creada con exito!
[2024-05-28 19:40:14] [ INFO ] [BD:38] Tablas creada con exito!
[2024-05-28 19:40:15] [ INFO ] [OdontologoDAOList:15] Lista creada con exito!
[2024-05-28 19:40:18] [ WARN ] [OdontologoDAOH2:88] Syntax error in SQL statement "DROP [*]FROM ODONTOLOGOS WHERE ID=?"; expected "TABLE, INDEX, USER, SEQUENCE, CONSTANT, TRIGGER, MATERIALIZED, VIEW, ROLE, ALIAS, SCHEMA, ALL OBJECTS, DOMAIN, TYPE, AGGREGATE, SYNONYM"; SQL statement:
DROP FROM ODONTOLOGOS WHERE ID=? [42001-224]
[2024-05-28 19:40:22] [ INFO ] [OdontologoDAOH2:112] Devolviendo lista de odontologos
[2024-05-28 19:40:50] [ INFO ] [BD:38] Tablas creada con exito!
[2024-05-28 19:40:50] [ INFO ] [OdontologoDAOList:15] Lista creada con exito!
[2024-05-28 19:41:24] [ WARN ] [OdontologoDAOH2:87] Syntax error in SQL statement "DROP [*]FROM ODONTOLOGOS WHERE ID=?"; expected "TABLE, INDEX, USER, SEQUENCE, CONSTANT, TRIGGER, MATERIALIZED, VIEW, ROLE, ALIAS, SCHEMA, ALL OBJECTS, DOMAIN, TYPE, AGGREGATE, SYNONYM"; SQL statement:
DROP FROM ODONTOLOGOS WHERE ID=? [42001-224]
[2024-05-28 19:41:28] [ INFO ] [OdontologoDAOH2:111] Devolviendo lista de odontologos
[2024-05-28 19:41:57] [ INFO ] [BD:38] Tablas creada con exito!
[2024-05-28 19:41:57] [ INFO ] [BD:38] Tablas creada con exito!
[2024-05-28 19:41:58] [ INFO ] [OdontologoDAOList:15] Lista creada con exito!
[2024-05-28 19:42:03] [ WARN ] [OdontologoDAOH2:87] Syntax error in SQL statement "DROP [*]FROM ODONTOLOGOS WHERE ID=?"; expected "TABLE, INDEX, USER, SEQUENCE, CONSTANT, TRIGGER, MATERIALIZED, VIEW, ROLE, ALIAS, SCHEMA, ALL OBJECTS, DOMAIN, TYPE, AGGREGATE, SYNONYM"; SQL statement:
DROP FROM ODONTOLOGOS WHERE ID=? [42001-224]
[2024-05-28 19:42:45] [ INFO ] [BD:38] Tablas creada con exito!
[2024-05-28 19:42:45] [ INFO ] [BD:38] Tablas creada con exito!
[2024-05-28 19:42:45] [ INFO ] [OdontologoDAOList:15] Lista creada con exito!
[2024-05-28 19:42:51] [ WARN ] [OdontologoDAOH2:87] Method is only allowed for a query. Use execute or executeUpdate instead of executeQuery; SQL statement:
DELETE FROM ODONTOLOGOS WHERE ID=? [90002-224]
[2024-05-28 19:43:04] [ INFO ] [BD:38] Tablas creada con exito!
[2024-05-28 19:43:04] [ INFO ] [BD:38] Tablas creada con exito!
[2024-05-28 19:43:05] [ INFO ] [OdontologoDAOList:15] Lista creada con exito!
[2024-05-28 19:43:15] [ INFO ] [OdontologoDAOH2:111] Devolviendo lista de odontologos
[2024-05-28 19:46:55] [ INFO ] [BD:38] Tablas creada con exito!
[2024-05-28 19:46:55] [ INFO ] [BD:38] Tablas creada con exito!
[2024-05-28 19:46:55] [ INFO ] [OdontologoDAOList:15] Lista creada con exito!
[2024-05-28 19:48:55] [ INFO ] [BD:38] Tablas creada con exito!
[2024-05-28 19:48:55] [ INFO ] [OdontologoDAOList:15] Lista creada con exito!
[2024-05-28 19:51:58] [ INFO ] [BD:38] Tablas creada con exito!
[2024-05-28 19:51:58] [ INFO ] [OdontologoDAOList:15] Lista creada con exito!
[2024-05-28 19:52:02] [ INFO ] [BD:38] Tablas creada con exito!
[2024-05-28 19:52:02] [ INFO ] [BD:38] Tablas creada con exito!
[2024-05-28 19:52:03] [ INFO ] [OdontologoDAOList:15] Lista creada con exito!
[2024-05-28 19:54:30] [ INFO ] [BD:38] Tablas creada con exito!
[2024-05-28 19:54:31] [ INFO ] [OdontologoDAOList:15] Lista creada con exito!
[2024-05-28 19:54:43] [ INFO ] [BD:38] Tablas creada con exito!
[2024-05-28 19:54:43] [ INFO ] [OdontologoDAOList:15] Lista creada con exito!
[2024-05-28 19:56:07] [ INFO ] [BD:38] Tablas creada con exito!
[2024-05-28 19:56:07] [ INFO ] [OdontologoDAOList:15] Lista creada con exito!
[2024-05-28 19:56:24] [ INFO ] [BD:38] Tablas creada con exito!
[2024-05-28 19:56:24] [ INFO ] [BD:38] Tablas creada con exito!
[2024-05-28 19:56:25] [ INFO ] [OdontologoDAOList:15] Lista creada con exito!
[2024-05-28 19:56:46] [ INFO ] [BD:38] Tablas creada con exito!
[2024-05-28 19:56:46] [ INFO ] [OdontologoDAOList:15] Lista creada con exito!
[2024-05-28 19:56:48] [ INFO ] [BD:38] Tablas creada con exito!
[2024-05-28 19:56:48] [ INFO ] [BD:38] Tablas creada con exito!
[2024-05-28 19:56:48] [ INFO ] [OdontologoDAOList:15] Lista creada con exito!
[2024-05-28 19:56:52] [ INFO ] [OdontologoDAOH2:95] Iniciando las operaciones de actualizar el odontologo con id: 1
[2024-05-28 19:56:52] [ INFO ] [OdontologoDAOH2:112] Odontologo actualizado con exito
[2024-05-28 19:56:55] [ INFO ] [OdontologoDAOH2:130] Devolviendo lista de odontologos
[2024-05-28 19:57:18] [ INFO ] [OdontologoDAOH2:77] Iniciando las operaciones de eliminacion del odontologo con id: 3
[2024-05-28 19:58:38] [ INFO ] [BD:38] Tablas creada con exito!
[2024-05-28 19:58:38] [ INFO ] [OdontologoDAOList:15] Lista creada con exito!
[2024-05-30 16:50:37] [ INFO ] [BD:38] Tablas creada con exito!
[2024-05-30 16:50:37] [ INFO ] [BD:38] Tablas creada con exito!
[2024-05-30 16:50:38] [ INFO ] [OdontologoDAOList:15] Lista creada con exito!
[2024-05-30 16:50:38] [ INFO ] [OdontologoDAOList:15] Lista creada con exito!
[2024-05-30 16:50:42] [ INFO ] [BD:38] Tablas creada con exito!
[2024-05-30 16:50:42] [ INFO ] [OdontologoDAOList:15] Lista creada con exito!
[2024-05-30 16:50:42] [ INFO ] [OdontologoDAOList:15] Lista creada con exito!
[2024-05-30 16:51:55] [ INFO ] [BD:38] Tablas creada con exito!
[2024-05-30 16:51:55] [ INFO ] [BD:38] Tablas creada con exito!
[2024-05-30 16:51:56] [ INFO ] [OdontologoDAOList:15] Lista creada con exito!
[2024-05-30 16:51:56] [ INFO ] [OdontologoDAOList:15] Lista creada con exito!
[2024-05-30 16:56:44] [ INFO ] [PacienteDAOH2:29] Guardando paciente Omar
[2024-05-30 16:56:44] [ INFO ] [DomicilioDAOH2:29] Guardando domicilio con id null
[2024-05-30 16:56:44] [ INFO ] [DomicilioDAOH2:48] Domicilio guardado con exito
[2024-05-30 16:56:44] [ INFO ] [PacienteDAOH2:54] Paciente guardado
[2024-05-30 16:57:22] [ INFO ] [BD:38] Tablas creada con exito!
[2024-05-30 16:57:23] [ INFO ] [OdontologoDAOList:15] Lista creada con exito!
[2024-05-30 17:01:32] [ INFO ] [BD:38] Tablas creada con exito!
[2024-05-30 17:01:32] [ INFO ] [BD:38] Tablas creada con exito!
[2024-05-30 17:01:33] [ INFO ] [OdontologoDAOList:15] Lista creada con exito!
[2024-05-30 17:01:33] [ INFO ] [OdontologoDAOList:15] Lista creada con exito!
[2024-05-30 17:03:03] [ INFO ] [PacienteDAOH2:64] Buscando el paciente...
[2024-05-30 17:03:03] [ INFO ] [DomicilioDAOH2:59] Buscando el domicilio...
[2024-05-30 17:03:03] [ INFO ] [DomicilioDAOH2:78] Domicilio encontrado!
[2024-05-30 17:03:03] [ INFO ] [OdontologoDAOH2:58] Conexion a bd exitosa
[2024-05-30 17:03:03] [ INFO ] [OdontologoDAOH2:71] Usuario encontrado
[2024-05-30 17:03:03] [ INFO ] [TurnoDAOLista:15] Iniciando las operaciones de guardado de turno
[2024-05-30 17:03:03] [ INFO ] [PacienteDAOH2:64] Buscando el paciente...
[2024-05-30 17:03:03] [ INFO ] [DomicilioDAOH2:59] Buscando el domicilio...
[2024-05-30 17:03:03] [ INFO ] [DomicilioDAOH2:78] Domicilio encontrado!
[2024-05-30 17:03:03] [ INFO ] [OdontologoDAOH2:58] Conexion a bd exitosa
[2024-05-30 17:03:03] [ INFO ] [OdontologoDAOH2:71] Usuario encontrado
[2024-05-30 17:03:03] [ INFO ] [TurnoDAOLista:21] Turno guardado con exito
[2024-05-30 17:08:45] [ INFO ] [BD:38] Tablas creada con exito!
[2024-05-30 17:08:45] [ INFO ] [BD:38] Tablas creada con exito!
[2024-05-30 17:08:46] [ INFO ] [OdontologoDAOList:15] Lista creada con exito!
[2024-05-30 17:08:46] [ INFO ] [OdontologoDAOList:15] Lista creada con exito!
[2024-05-30 17:08:56] [ INFO ] [PacienteDAOH2:29] Guardando paciente Omar
[2024-05-30 17:08:56] [ INFO ] [DomicilioDAOH2:29] Guardando domicilio con id null
[2024-05-30 17:08:56] [ INFO ] [DomicilioDAOH2:48] Domicilio guardado con exito
[2024-05-30 17:08:56] [ INFO ] [PacienteDAOH2:54] Paciente guardado
[2024-05-30 17:08:58] [ INFO ] [PacienteDAOH2:64] Buscando el paciente...
[2024-05-30 17:08:58] [ INFO ] [DomicilioDAOH2:59] Buscando el domicilio...
[2024-05-30 17:08:58] [ INFO ] [DomicilioDAOH2:78] Domicilio encontrado!
[2024-05-30 17:08:58] [ INFO ] [OdontologoDAOH2:58] Conexion a bd exitosa
[2024-05-30 17:08:58] [ INFO ] [OdontologoDAOH2:71] Usuario encontrado
[2024-05-30 17:08:58] [ INFO ] [TurnoDAOLista:16] Iniciando las operaciones de guardado de turno
[2024-05-30 17:08:58] [ INFO ] [PacienteDAOH2:64] Buscando el paciente...
[2024-05-30 17:08:58] [ INFO ] [DomicilioDAOH2:59] Buscando el domicilio...
[2024-05-30 17:08:58] [ INFO ] [DomicilioDAOH2:78] Domicilio encontrado!
[2024-05-30 17:08:58] [ INFO ] [OdontologoDAOH2:58] Conexion a bd exitosa
[2024-05-30 17:08:58] [ INFO ] [OdontologoDAOH2:71] Usuario encontrado
[2024-05-30 17:08:58] [ INFO ] [TurnoDAOLista:24] Turno guardado con exito
[2024-05-30 17:09:41] [ INFO ] [PacienteDAOH2:64] Buscando el paciente...
[2024-05-30 17:09:41] [ INFO ] [DomicilioDAOH2:59] Buscando el domicilio...
[2024-05-30 17:09:41] [ INFO ] [DomicilioDAOH2:78] Domicilio encontrado!
[2024-05-30 17:09:41] [ INFO ] [OdontologoDAOH2:58] Conexion a bd exitosa
[2024-05-30 17:09:41] [ INFO ] [OdontologoDAOH2:71] Usuario encontrado
[2024-05-30 17:09:41] [ INFO ] [TurnoDAOLista:16] Iniciando las operaciones de guardado de turno
[2024-05-30 17:09:41] [ INFO ] [PacienteDAOH2:64] Buscando el paciente...
[2024-05-30 17:09:41] [ INFO ] [DomicilioDAOH2:59] Buscando el domicilio...
[2024-05-30 17:09:41] [ INFO ] [DomicilioDAOH2:78] Domicilio encontrado!
[2024-05-30 17:09:41] [ INFO ] [OdontologoDAOH2:58] Conexion a bd exitosa
[2024-05-30 17:09:41] [ INFO ] [OdontologoDAOH2:71] Usuario encontrado
[2024-05-30 17:09:41] [ INFO ] [TurnoDAOLista:24] Turno guardado con exito
[2024-05-30 17:09:43] [ INFO ] [PacienteDAOH2:64] Buscando el paciente...
[2024-05-30 17:09:43] [ INFO ] [DomicilioDAOH2:59] Buscando el domicilio...
[2024-05-30 17:09:43] [ INFO ] [DomicilioDAOH2:78] Domicilio encontrado!
[2024-05-30 17:09:43] [ INFO ] [OdontologoDAOH2:58] Conexion a bd exitosa
[2024-05-30 17:09:43] [ INFO ] [OdontologoDAOH2:71] Usuario encontrado
[2024-05-30 17:09:43] [ INFO ] [TurnoDAOLista:16] Iniciando las operaciones de guardado de turno
[2024-05-30 17:09:43] [ INFO ] [PacienteDAOH2:64] Buscando el paciente...
[2024-05-30 17:09:43] [ INFO ] [DomicilioDAOH2:59] Buscando el domicilio...
[2024-05-30 17:09:43] [ INFO ] [DomicilioDAOH2:78] Domicilio encontrado!
[2024-05-30 17:09:43] [ INFO ] [OdontologoDAOH2:58] Conexion a bd exitosa
[2024-05-30 17:09:43] [ INFO ] [OdontologoDAOH2:71] Usuario encontrado
[2024-05-30 17:09:43] [ INFO ] [TurnoDAOLista:24] Turno guardado con exito
[2024-05-30 17:26:43] [ INFO ] [BD:38] Tablas creada con exito!
[2024-05-30 17:26:43] [ INFO ] [BD:38] Tablas creada con exito!
[2024-05-30 17:26:43] [ INFO ] [OdontologoDAOList:15] Lista creada con exito!
[2024-05-30 17:26:43] [ INFO ] [OdontologoDAOList:15] Lista creada con exito!
[2024-05-30 17:26:58] [ INFO ] [PacienteDAOH2:64] Buscando el paciente...
[2024-05-30 17:26:58] [ INFO ] [DomicilioDAOH2:59] Buscando el domicilio...
[2024-05-30 17:26:58] [ INFO ] [DomicilioDAOH2:78] Domicilio encontrado!
[2024-05-30 17:26:58] [ INFO ] [OdontologoDAOH2:58] Conexion a bd exitosa
[2024-05-30 17:26:58] [ INFO ] [OdontologoDAOH2:71] Usuario encontrado
[2024-05-30 17:26:58] [ INFO ] [TurnoDAOLista:16] Iniciando las operaciones de guardado de turno
[2024-05-30 17:26:58] [ INFO ] [PacienteDAOH2:64] Buscando el paciente...
[2024-05-30 17:26:58] [ INFO ] [DomicilioDAOH2:59] Buscando el domicilio...
[2024-05-30 17:26:58] [ INFO ] [DomicilioDAOH2:78] Domicilio encontrado!
[2024-05-30 17:26:58] [ INFO ] [OdontologoDAOH2:58] Conexion a bd exitosa
[2024-05-30 17:26:58] [ INFO ] [OdontologoDAOH2:71] Usuario encontrado
[2024-05-30 17:26:58] [ INFO ] [TurnoDAOLista:24] Turno guardado con exito
[2024-05-30 17:27:13] [ INFO ] [TurnoDAOLista:69] Iniciando las operaciones de mostrar todos los turnos
[2024-05-30 17:29:08] [ INFO ] [BD:38] Tablas creada con exito!
[2024-05-30 17:29:08] [ INFO ] [BD:38] Tablas creada con exito!
[2024-05-30 17:29:09] [ INFO ] [OdontologoDAOList:15] Lista creada con exito!
[2024-05-30 17:29:09] [ INFO ] [OdontologoDAOList:15] Lista creada con exito!
[2024-05-30 17:29:18] [ INFO ] [PacienteDAOH2:64] Buscando el paciente...
[2024-05-30 17:29:18] [ INFO ] [DomicilioDAOH2:59] Buscando el domicilio...
[2024-05-30 17:29:18] [ INFO ] [DomicilioDAOH2:78] Domicilio encontrado!
[2024-05-30 17:29:18] [ INFO ] [OdontologoDAOH2:58] Conexion a bd exitosa
[2024-05-30 17:29:18] [ INFO ] [OdontologoDAOH2:71] Usuario encontrado
[2024-05-30 17:29:18] [ INFO ] [TurnoDAOLista:18] Iniciando las operaciones de guardado de turno
[2024-05-30 17:29:18] [ INFO ] [PacienteDAOH2:64] Buscando el paciente...
[2024-05-30 17:29:18] [ INFO ] [DomicilioDAOH2:59] Buscando el domicilio...
[2024-05-30 17:29:18] [ INFO ] [DomicilioDAOH2:78] Domicilio encontrado!
[2024-05-30 17:29:18] [ INFO ] [OdontologoDAOH2:58] Conexion a bd exitosa
[2024-05-30 17:29:18] [ INFO ] [OdontologoDAOH2:71] Usuario encontrado
[2024-05-30 17:29:18] [ INFO ] [TurnoDAOLista:26] Turno guardado con exito
[2024-05-30 17:29:30] [ INFO ] [TurnoDAOLista:79] Iniciando las operaciones de mostrar todos los turnos
[2024-05-30 17:31:54] [ INFO ] [BD:38] Tablas creada con exito!
[2024-05-30 17:31:54] [ INFO ] [OdontologoDAOList:15] Lista creada con exito!
[2024-05-30 17:31:54] [ INFO ] [OdontologoDAOList:15] Lista creada con exito!
[2024-05-30 17:33:20] [ INFO ] [TurnoDAOLista:79] Iniciando las operaciones de mostrar todos los turnos
[2024-05-30 17:33:26] [ INFO ] [PacienteDAOH2:64] Buscando el paciente...
[2024-05-30 17:33:26] [ INFO ] [DomicilioDAOH2:59] Buscando el domicilio...
[2024-05-30 17:33:26] [ INFO ] [DomicilioDAOH2:78] Domicilio encontrado!
[2024-05-30 17:33:26] [ INFO ] [OdontologoDAOH2:58] Conexion a bd exitosa
[2024-05-30 17:33:26] [ INFO ] [OdontologoDAOH2:71] Usuario encontrado
[2024-05-30 17:33:26] [ INFO ] [TurnoDAOLista:18] Iniciando las operaciones de guardado de turno
[2024-05-30 17:33:26] [ INFO ] [PacienteDAOH2:64] Buscando el paciente...
[2024-05-30 17:33:26] [ INFO ] [DomicilioDAOH2:59] Buscando el domicilio...
[2024-05-30 17:33:26] [ INFO ] [DomicilioDAOH2:78] Domicilio encontrado!
[2024-05-30 17:33:26] [ INFO ] [OdontologoDAOH2:58] Conexion a bd exitosa
[2024-05-30 17:33:26] [ INFO ] [OdontologoDAOH2:71] Usuario encontrado
[2024-05-30 17:33:26] [ INFO ] [TurnoDAOLista:26] Turno guardado con exito
[2024-05-30 17:33:38] [ INFO ] [TurnoDAOLista:59] Iniciando las operaciones de actualizar
[2024-05-30 17:33:38] [ INFO ] [OdontologoDAOH2:58] Conexion a bd exitosa
[2024-05-30 17:33:38] [ INFO ] [OdontologoDAOH2:71] Usuario encontrado
[2024-05-30 17:33:38] [ INFO ] [PacienteDAOH2:64] Buscando el paciente...
[2024-05-30 17:33:38] [ INFO ] [DomicilioDAOH2:59] Buscando el domicilio...
[2024-05-30 17:33:38] [ INFO ] [DomicilioDAOH2:78] Domicilio encontrado!
[2024-05-30 17:33:38] [ INFO ] [TurnoDAOLista:72] Turno modificado
[2024-05-30 17:33:42] [ INFO ] [TurnoDAOLista:59] Iniciando las operaciones de actualizar
[2024-05-30 17:33:42] [ INFO ] [OdontologoDAOH2:58] Conexion a bd exitosa
[2024-05-30 17:33:42] [ INFO ] [OdontologoDAOH2:71] Usuario encontrado
[2024-05-30 17:33:42] [ INFO ] [PacienteDAOH2:64] Buscando el paciente...
[2024-05-30 17:33:42] [ INFO ] [DomicilioDAOH2:59] Buscando el domicilio...
[2024-05-30 17:33:42] [ INFO ] [DomicilioDAOH2:78] Domicilio encontrado!
[2024-05-30 17:33:42] [ INFO ] [TurnoDAOLista:72] Turno modificado
[2024-05-30 17:33:45] [ INFO ] [TurnoDAOLista:79] Iniciando las operaciones de mostrar todos los turnos
[2024-05-30 17:35:34] [ INFO ] [TurnoDAOLista:79] Iniciando las operaciones de mostrar todos los turnos
[2024-05-30 17:35:43] [ INFO ] [TurnoDAOLista:59] Iniciando las operaciones de actualizar
[2024-05-30 17:35:43] [ INFO ] [OdontologoDAOH2:58] Conexion a bd exitosa
[2024-05-30 17:35:43] [ INFO ] [OdontologoDAOH2:71] Usuario encontrado
[2024-05-30 17:35:43] [ INFO ] [PacienteDAOH2:64] Buscando el paciente...
[2024-05-30 17:35:43] [ INFO ] [DomicilioDAOH2:59] Buscando el domicilio...
[2024-05-30 17:35:43] [ INFO ] [DomicilioDAOH2:78] Domicilio encontrado!
[2024-05-30 17:35:43] [ INFO ] [TurnoDAOLista:72] Turno modificado
[2024-05-30 17:35:46] [ INFO ] [TurnoDAOLista:79] Iniciando las operaciones de mostrar todos los turnos
[2024-05-30 17:36:59] [ INFO ] [BD:38] Tablas creada con exito!
[2024-05-30 17:36:59] [ INFO ] [OdontologoDAOList:15] Lista creada con exito!
[2024-05-30 17:39:00] [ INFO ] [BD:38] Tablas creada con exito!
[2024-05-30 17:39:00] [ INFO ] [BD:38] Tablas creada con exito!
[2024-05-30 17:39:01] [ INFO ] [OdontologoDAOList:15] Lista creada con exito!
[2024-05-30 17:39:01] [ INFO ] [OdontologoDAOList:15] Lista creada con exito!
[2024-05-30 17:39:16] [ INFO ] [BD:38] Tablas creada con exito!
[2024-05-30 17:39:16] [ INFO ] [BD:38] Tablas creada con exito!
[2024-05-30 17:39:16] [ INFO ] [OdontologoDAOList:15] Lista creada con exito!
[2024-05-30 17:39:16] [ INFO ] [OdontologoDAOList:15] Lista creada con exito!
[2024-05-30 17:39:59] [ INFO ] [PacienteDAOH2:64] Buscando el paciente...
[2024-05-30 17:39:59] [ INFO ] [DomicilioDAOH2:59] Buscando el domicilio...
[2024-05-30 17:39:59] [ INFO ] [DomicilioDAOH2:78] Domicilio encontrado!
[2024-05-30 17:39:59] [ INFO ] [OdontologoDAOH2:58] Conexion a bd exitosa
[2024-05-30 17:39:59] [ INFO ] [OdontologoDAOH2:71] Usuario encontrado
[2024-05-30 17:39:59] [ INFO ] [TurnoDAOLista:18] Iniciando las operaciones de guardado de turno
[2024-05-30 17:39:59] [ INFO ] [PacienteDAOH2:64] Buscando el paciente...
[2024-05-30 17:39:59] [ INFO ] [DomicilioDAOH2:59] Buscando el domicilio...
[2024-05-30 17:39:59] [ INFO ] [DomicilioDAOH2:78] Domicilio encontrado!
[2024-05-30 17:39:59] [ INFO ] [OdontologoDAOH2:58] Conexion a bd exitosa
[2024-05-30 17:39:59] [ INFO ] [OdontologoDAOH2:71] Usuario encontrado
[2024-05-30 17:39:59] [ INFO ] [TurnoDAOLista:26] Turno guardado con exito
[2024-05-30 17:40:03] [ INFO ] [TurnoDAOLista:43] Iniciando las operaciones de eliminacion de turno del id: 1
[2024-05-30 17:40:03] [ INFO ] [TurnoDAOLista:53] Turno eliminado con exito
[2024-05-30 17:40:14] [ INFO ] [TurnoDAOLista:79] Iniciando las operaciones de mostrar todos los turnos
[2024-05-30 17:40:23] [ INFO ] [PacienteDAOH2:64] Buscando el paciente...
[2024-05-30 17:40:23] [ INFO ] [DomicilioDAOH2:59] Buscando el domicilio...
[2024-05-30 17:40:23] [ INFO ] [DomicilioDAOH2:78] Domicilio encontrado!
[2024-05-30 17:40:23] [ INFO ] [OdontologoDAOH2:58] Conexion a bd exitosa
[2024-05-30 17:40:23] [ INFO ] [OdontologoDAOH2:71] Usuario encontrado
[2024-05-30 17:40:23] [ INFO ] [TurnoDAOLista:18] Iniciando las operaciones de guardado de turno
[2024-05-30 17:40:23] [ INFO ] [PacienteDAOH2:64] Buscando el paciente...
[2024-05-30 17:40:23] [ INFO ] [DomicilioDAOH2:59] Buscando el domicilio...
[2024-05-30 17:40:23] [ INFO ] [DomicilioDAOH2:78] Domicilio encontrado!
[2024-05-30 17:40:23] [ INFO ] [OdontologoDAOH2:58] Conexion a bd exitosa
[2024-05-30 17:40:23] [ INFO ] [OdontologoDAOH2:71] Usuario encontrado
[2024-05-30 17:40:23] [ INFO ] [TurnoDAOLista:26] Turno guardado con exito
[2024-05-30 17:40:25] [ INFO ] [TurnoDAOLista:79] Iniciando las operaciones de mostrar todos los turnos
[2024-05-30 18:00:05] [ INFO ] [BD:38] Tablas creada con exito!
[2024-05-30 18:00:05] [ INFO ] [BD:38] Tablas creada con exito!
[2024-05-30 18:00:06] [ INFO ] [OdontologoDAOList:15] Lista creada con exito!
[2024-05-30 18:00:06] [ INFO ] [OdontologoDAOList:15] Lista creada con exito!
[2024-05-30 18:00:48] [ INFO ] [BD:38] Tablas creada con exito!
[2024-05-30 18:00:48] [ INFO ] [OdontologoDAOList:15] Lista creada con exito!
[2024-05-30 18:00:48] [ INFO ] [OdontologoDAOList:15] Lista creada con exito!
[2024-05-30 18:01:18] [ INFO ] [BD:38] Tablas creada con exito!
[2024-05-30 18:01:18] [ INFO ] [OdontologoDAOList:15] Lista creada con exito!
[2024-05-30 18:01:18] [ INFO ] [OdontologoDAOList:15] Lista creada con exito!
[2024-05-30 18:01:36] [ INFO ] [BD:38] Tablas creada con exito!
[2024-05-30 18:01:36] [ INFO ] [OdontologoDAOList:15] Lista creada con exito!
[2024-05-30 18:01:36] [ INFO ] [OdontologoDAOList:15] Lista creada con exito!
[2024-05-30 18:01:38] [ INFO ] [BD:38] Tablas creada con exito!
[2024-05-30 18:01:38] [ INFO ] [OdontologoDAOList:15] Lista creada con exito!
[2024-05-30 18:01:38] [ INFO ] [OdontologoDAOList:15] Lista creada con exito!
[2024-05-30 18:01:44] [ INFO ] [BD:38] Tablas creada con exito!
[2024-05-30 18:01:44] [ INFO ] [BD:38] Tablas creada con exito!
[2024-05-30 18:01:45] [ INFO ] [OdontologoDAOList:15] Lista creada con exito!
[2024-05-30 18:01:45] [ INFO ] [OdontologoDAOList:15] Lista creada con exito!
[2024-05-30 18:01:50] [ INFO ] [PacienteDAOH2:64] Buscando el paciente...
[2024-05-30 18:01:50] [ INFO ] [DomicilioDAOH2:59] Buscando el domicilio...
[2024-05-30 18:01:50] [ INFO ] [DomicilioDAOH2:78] Domicilio encontrado!
[2024-05-30 18:01:50] [ INFO ] [OdontologoDAOH2:58] Conexion a bd exitosa
[2024-05-30 18:01:50] [ INFO ] [OdontologoDAOH2:71] Usuario encontrado
[2024-05-30 18:01:50] [ INFO ] [TurnoDAOLista:18] Iniciando las operaciones de guardado de turno
[2024-05-30 18:01:50] [ INFO ] [PacienteDAOH2:64] Buscando el paciente...
[2024-05-30 18:01:50] [ INFO ] [DomicilioDAOH2:59] Buscando el domicilio...
[2024-05-30 18:01:50] [ INFO ] [DomicilioDAOH2:78] Domicilio encontrado!
[2024-05-30 18:01:50] [ INFO ] [OdontologoDAOH2:58] Conexion a bd exitosa
[2024-05-30 18:01:50] [ INFO ] [OdontologoDAOH2:71] Usuario encontrado
[2024-05-30 18:01:50] [ INFO ] [TurnoDAOLista:26] Turno guardado con exito
[2024-05-30 18:02:16] [ INFO ] [TurnoDAOLista:43] Iniciando las operaciones de eliminacion de turno del id: 1
[2024-05-30 18:02:20] [ INFO ] [PacienteDAOH2:29] Guardando paciente Omar
[2024-05-30 18:02:20] [ INFO ] [DomicilioDAOH2:29] Guardando domicilio con id null
[2024-05-30 18:02:20] [ INFO ] [DomicilioDAOH2:48] Domicilio guardado con exito
[2024-05-30 18:02:20] [ INFO ] [PacienteDAOH2:54] Paciente guardado
[2024-05-30 18:02:24] [ INFO ] [TurnoDAOLista:73] Iniciando las operaciones de mostrar todos los turnos
